[0.056s] Invoking command in '/home/sz/ros2_ws/build/my_cpp_pkg': CMAKE_PREFIX_PATH=${CMAKE_PREFIX_PATH}:/home/sz/ros2_ws/install/my_py_pkg:/opt/ros/foxy /usr/bin/cmake --build /home/sz/ros2_ws/build/my_cpp_pkg -- -j2 -l2
[0.205s] [35m[1mScanning dependencies of target robot_news_station[0m
[0.287s] [ 16%] [32mBuilding CXX object CMakeFiles/robot_news_station.dir/src/robot_news_station.cpp.o[0m
[0.291s] [ 50%] Built target smartphone
[0.411s] [ 83%] Built target cpp_node
[5.559s] [100%] [32m[1mLinking CXX executable robot_news_station[0m
[5.839s] [100%] Built target robot_news_station
[5.857s] Invoked command in '/home/sz/ros2_ws/build/my_cpp_pkg' returned '0': CMAKE_PREFIX_PATH=${CMAKE_PREFIX_PATH}:/home/sz/ros2_ws/install/my_py_pkg:/opt/ros/foxy /usr/bin/cmake --build /home/sz/ros2_ws/build/my_cpp_pkg -- -j2 -l2
[5.929s] Invoking command in '/home/sz/ros2_ws/build/my_cpp_pkg': CMAKE_PREFIX_PATH=${CMAKE_PREFIX_PATH}:/home/sz/ros2_ws/install/my_py_pkg:/opt/ros/foxy /usr/bin/cmake --install /home/sz/ros2_ws/build/my_cpp_pkg
[5.945s] -- Install configuration: ""
[5.946s] -- Up-to-date: /home/sz/ros2_ws/install/my_cpp_pkg/lib/my_cpp_pkg/cpp_node
[5.947s] -- Installing: /home/sz/ros2_ws/install/my_cpp_pkg/lib/my_cpp_pkg/robot_news_station
[5.949s] -- Set runtime path of "/home/sz/ros2_ws/install/my_cpp_pkg/lib/my_cpp_pkg/robot_news_station" to ""
[5.950s] -- Up-to-date: /home/sz/ros2_ws/install/my_cpp_pkg/lib/my_cpp_pkg/smartphone
[5.951s] -- Up-to-date: /home/sz/ros2_ws/install/my_cpp_pkg/share/ament_index/resource_index/package_run_dependencies/my_cpp_pkg
[5.951s] -- Up-to-date: /home/sz/ros2_ws/install/my_cpp_pkg/share/ament_index/resource_index/parent_prefix_path/my_cpp_pkg
[5.951s] -- Up-to-date: /home/sz/ros2_ws/install/my_cpp_pkg/share/my_cpp_pkg/environment/ament_prefix_path.sh
[5.952s] -- Up-to-date: /home/sz/ros2_ws/install/my_cpp_pkg/share/my_cpp_pkg/environment/ament_prefix_path.dsv
[5.952s] -- Up-to-date: /home/sz/ros2_ws/install/my_cpp_pkg/share/my_cpp_pkg/environment/path.sh
[5.953s] -- Up-to-date: /home/sz/ros2_ws/install/my_cpp_pkg/share/my_cpp_pkg/environment/path.dsv
[5.953s] -- Up-to-date: /home/sz/ros2_ws/install/my_cpp_pkg/share/my_cpp_pkg/local_setup.bash
[5.953s] -- Up-to-date: /home/sz/ros2_ws/install/my_cpp_pkg/share/my_cpp_pkg/local_setup.sh
[5.954s] -- Up-to-date: /home/sz/ros2_ws/install/my_cpp_pkg/share/my_cpp_pkg/local_setup.zsh
[5.954s] -- Up-to-date: /home/sz/ros2_ws/install/my_cpp_pkg/share/my_cpp_pkg/local_setup.dsv
[5.955s] -- Installing: /home/sz/ros2_ws/install/my_cpp_pkg/share/my_cpp_pkg/package.dsv
[5.956s] -- Up-to-date: /home/sz/ros2_ws/install/my_cpp_pkg/share/ament_index/resource_index/packages/my_cpp_pkg
[5.956s] -- Up-to-date: /home/sz/ros2_ws/install/my_cpp_pkg/share/my_cpp_pkg/cmake/my_cpp_pkgConfig.cmake
[5.957s] -- Up-to-date: /home/sz/ros2_ws/install/my_cpp_pkg/share/my_cpp_pkg/cmake/my_cpp_pkgConfig-version.cmake
[5.958s] -- Up-to-date: /home/sz/ros2_ws/install/my_cpp_pkg/share/my_cpp_pkg/package.xml
[5.963s] Invoked command in '/home/sz/ros2_ws/build/my_cpp_pkg' returned '0': CMAKE_PREFIX_PATH=${CMAKE_PREFIX_PATH}:/home/sz/ros2_ws/install/my_py_pkg:/opt/ros/foxy /usr/bin/cmake --install /home/sz/ros2_ws/build/my_cpp_pkg
