[0.043s] Invoking command in '/home/sz/ros2_ws/build/my_cpp_pkg': CMAKE_PREFIX_PATH=${CMAKE_PREFIX_PATH}:/home/sz/ros2_ws/install/my_py_pkg:/opt/ros/foxy /usr/bin/cmake --build /home/sz/ros2_ws/build/my_cpp_pkg -- -j2 -l2
[0.185s] [35m[1mScanning dependencies of target cpp_node[0m
[0.481s] [ 50%] [32mBuilding CXX object CMakeFiles/cpp_node.dir/src/my_first_node.cpp.o[0m
[5.704s] [100%] [32m[1mLinking CXX executable cpp_node[0m
[5.936s] [100%] Built target cpp_node
[5.961s] Invoked command in '/home/sz/ros2_ws/build/my_cpp_pkg' returned '0': CMAKE_PREFIX_PATH=${CMAKE_PREFIX_PATH}:/home/sz/ros2_ws/install/my_py_pkg:/opt/ros/foxy /usr/bin/cmake --build /home/sz/ros2_ws/build/my_cpp_pkg -- -j2 -l2
[6.032s] Invoking command in '/home/sz/ros2_ws/build/my_cpp_pkg': CMAKE_PREFIX_PATH=${CMAKE_PREFIX_PATH}:/home/sz/ros2_ws/install/my_py_pkg:/opt/ros/foxy /usr/bin/cmake --install /home/sz/ros2_ws/build/my_cpp_pkg
[6.066s] -- Install configuration: ""
[6.066s] -- Installing: /home/sz/ros2_ws/install/my_cpp_pkg/lib/my_cpp_pkg/cpp_node
[6.068s] -- Set runtime path of "/home/sz/ros2_ws/install/my_cpp_pkg/lib/my_cpp_pkg/cpp_node" to ""
[6.069s] -- Up-to-date: /home/sz/ros2_ws/install/my_cpp_pkg/share/ament_index/resource_index/package_run_dependencies/my_cpp_pkg
[6.069s] -- Up-to-date: /home/sz/ros2_ws/install/my_cpp_pkg/share/ament_index/resource_index/parent_prefix_path/my_cpp_pkg
[6.069s] -- Up-to-date: /home/sz/ros2_ws/install/my_cpp_pkg/share/my_cpp_pkg/environment/ament_prefix_path.sh
[6.069s] -- Up-to-date: /home/sz/ros2_ws/install/my_cpp_pkg/share/my_cpp_pkg/environment/ament_prefix_path.dsv
[6.070s] -- Up-to-date: /home/sz/ros2_ws/install/my_cpp_pkg/share/my_cpp_pkg/environment/path.sh
[6.070s] -- Up-to-date: /home/sz/ros2_ws/install/my_cpp_pkg/share/my_cpp_pkg/environment/path.dsv
[6.070s] -- Up-to-date: /home/sz/ros2_ws/install/my_cpp_pkg/share/my_cpp_pkg/local_setup.bash
[6.070s] -- Up-to-date: /home/sz/ros2_ws/install/my_cpp_pkg/share/my_cpp_pkg/local_setup.sh
[6.070s] -- Up-to-date: /home/sz/ros2_ws/install/my_cpp_pkg/share/my_cpp_pkg/local_setup.zsh
[6.071s] -- Up-to-date: /home/sz/ros2_ws/install/my_cpp_pkg/share/my_cpp_pkg/local_setup.dsv
[6.071s] -- Installing: /home/sz/ros2_ws/install/my_cpp_pkg/share/my_cpp_pkg/package.dsv
[6.071s] -- Up-to-date: /home/sz/ros2_ws/install/my_cpp_pkg/share/ament_index/resource_index/packages/my_cpp_pkg
[6.071s] -- Up-to-date: /home/sz/ros2_ws/install/my_cpp_pkg/share/my_cpp_pkg/cmake/my_cpp_pkgConfig.cmake
[6.071s] -- Up-to-date: /home/sz/ros2_ws/install/my_cpp_pkg/share/my_cpp_pkg/cmake/my_cpp_pkgConfig-version.cmake
[6.072s] -- Up-to-date: /home/sz/ros2_ws/install/my_cpp_pkg/share/my_cpp_pkg/package.xml
[6.080s] Invoked command in '/home/sz/ros2_ws/build/my_cpp_pkg' returned '0': CMAKE_PREFIX_PATH=${CMAKE_PREFIX_PATH}:/home/sz/ros2_ws/install/my_py_pkg:/opt/ros/foxy /usr/bin/cmake --install /home/sz/ros2_ws/build/my_cpp_pkg
