[0.024s] Invoking command in '/home/sz/ros2_ws/build/my_cpp_pkg': CMAKE_PREFIX_PATH=${CMAKE_PREFIX_PATH}:/home/sz/ros2_ws/install/my_py_pkg:/opt/ros/foxy /usr/bin/cmake --build /home/sz/ros2_ws/build/my_cpp_pkg -- -j2 -l2
[0.093s] [35m[1mScanning dependencies of target cpp_node[0m
[0.145s] [ 50%] [32mBuilding CXX object CMakeFiles/cpp_node.dir/src/my_first_node.cpp.o[0m
[3.304s] [100%] [32m[1mLinking CXX executable cpp_node[0m
[3.507s] [100%] Built target cpp_node
[3.528s] Invoked command in '/home/sz/ros2_ws/build/my_cpp_pkg' returned '0': CMAKE_PREFIX_PATH=${CMAKE_PREFIX_PATH}:/home/sz/ros2_ws/install/my_py_pkg:/opt/ros/foxy /usr/bin/cmake --build /home/sz/ros2_ws/build/my_cpp_pkg -- -j2 -l2
[3.587s] Invoking command in '/home/sz/ros2_ws/build/my_cpp_pkg': CMAKE_PREFIX_PATH=${CMAKE_PREFIX_PATH}:/home/sz/ros2_ws/install/my_py_pkg:/opt/ros/foxy /usr/bin/cmake --install /home/sz/ros2_ws/build/my_cpp_pkg
[3.602s] -- Install configuration: ""
[3.603s] -- Installing: /home/sz/ros2_ws/install/my_cpp_pkg/lib/my_cpp_pkg/cpp_node
[3.604s] -- Set runtime path of "/home/sz/ros2_ws/install/my_cpp_pkg/lib/my_cpp_pkg/cpp_node" to ""
[3.604s] -- Up-to-date: /home/sz/ros2_ws/install/my_cpp_pkg/share/ament_index/resource_index/package_run_dependencies/my_cpp_pkg
[3.605s] -- Up-to-date: /home/sz/ros2_ws/install/my_cpp_pkg/share/ament_index/resource_index/parent_prefix_path/my_cpp_pkg
[3.605s] -- Up-to-date: /home/sz/ros2_ws/install/my_cpp_pkg/share/my_cpp_pkg/environment/ament_prefix_path.sh
[3.606s] -- Up-to-date: /home/sz/ros2_ws/install/my_cpp_pkg/share/my_cpp_pkg/environment/ament_prefix_path.dsv
[3.606s] -- Up-to-date: /home/sz/ros2_ws/install/my_cpp_pkg/share/my_cpp_pkg/environment/path.sh
[3.607s] -- Up-to-date: /home/sz/ros2_ws/install/my_cpp_pkg/share/my_cpp_pkg/environment/path.dsv
[3.608s] -- Up-to-date: /home/sz/ros2_ws/install/my_cpp_pkg/share/my_cpp_pkg/local_setup.bash
[3.608s] -- Up-to-date: /home/sz/ros2_ws/install/my_cpp_pkg/share/my_cpp_pkg/local_setup.sh
[3.609s] -- Up-to-date: /home/sz/ros2_ws/install/my_cpp_pkg/share/my_cpp_pkg/local_setup.zsh
[3.609s] -- Up-to-date: /home/sz/ros2_ws/install/my_cpp_pkg/share/my_cpp_pkg/local_setup.dsv
[3.610s] -- Installing: /home/sz/ros2_ws/install/my_cpp_pkg/share/my_cpp_pkg/package.dsv
[3.611s] -- Up-to-date: /home/sz/ros2_ws/install/my_cpp_pkg/share/ament_index/resource_index/packages/my_cpp_pkg
[3.611s] -- Up-to-date: /home/sz/ros2_ws/install/my_cpp_pkg/share/my_cpp_pkg/cmake/my_cpp_pkgConfig.cmake
[3.611s] -- Up-to-date: /home/sz/ros2_ws/install/my_cpp_pkg/share/my_cpp_pkg/cmake/my_cpp_pkgConfig-version.cmake
[3.612s] -- Up-to-date: /home/sz/ros2_ws/install/my_cpp_pkg/share/my_cpp_pkg/package.xml
[3.616s] Invoked command in '/home/sz/ros2_ws/build/my_cpp_pkg' returned '0': CMAKE_PREFIX_PATH=${CMAKE_PREFIX_PATH}:/home/sz/ros2_ws/install/my_py_pkg:/opt/ros/foxy /usr/bin/cmake --install /home/sz/ros2_ws/build/my_cpp_pkg
