[0.435s] Invoking command in '/home/sz/ros2_ws/src/my_py_pkg': PYTHONPATH=/home/sz/ros2_ws/install/my_py_pkg/lib/python3.8/site-packages:${PYTHONPATH} /usr/bin/python3 setup.py egg_info --egg-base ../../build/my_py_pkg build --build-base /home/sz/ros2_ws/build/my_py_pkg/build install --prefix /home/sz/ros2_ws/install/my_py_pkg --record /home/sz/ros2_ws/build/my_py_pkg/install.log --single-version-externally-managed
[0.765s] running egg_info
[0.766s] writing ../../build/my_py_pkg/my_py_pkg.egg-info/PKG-INFO
[0.767s] writing dependency_links to ../../build/my_py_pkg/my_py_pkg.egg-info/dependency_links.txt
[0.767s] writing entry points to ../../build/my_py_pkg/my_py_pkg.egg-info/entry_points.txt
[0.767s] writing requirements to ../../build/my_py_pkg/my_py_pkg.egg-info/requires.txt
[0.768s] writing top-level names to ../../build/my_py_pkg/my_py_pkg.egg-info/top_level.txt
[0.809s] reading manifest file '../../build/my_py_pkg/my_py_pkg.egg-info/SOURCES.txt'
[0.811s] writing manifest file '../../build/my_py_pkg/my_py_pkg.egg-info/SOURCES.txt'
[0.811s] running build
[0.811s] running build_py
[0.812s] running install
[0.813s] running install_lib
[0.815s] running install_data
[0.816s] running install_egg_info
[0.820s] removing '/home/sz/ros2_ws/install/my_py_pkg/lib/python3.8/site-packages/my_py_pkg-0.0.0-py3.8.egg-info' (and everything under it)
[0.820s] Copying ../../build/my_py_pkg/my_py_pkg.egg-info to /home/sz/ros2_ws/install/my_py_pkg/lib/python3.8/site-packages/my_py_pkg-0.0.0-py3.8.egg-info
[0.821s] running install_scripts
[0.845s] writing list of installed files to '/home/sz/ros2_ws/build/my_py_pkg/install.log'
[0.885s] Invoked command in '/home/sz/ros2_ws/src/my_py_pkg' returned '0': PYTHONPATH=/home/sz/ros2_ws/install/my_py_pkg/lib/python3.8/site-packages:${PYTHONPATH} /usr/bin/python3 setup.py egg_info --egg-base ../../build/my_py_pkg build --build-base /home/sz/ros2_ws/build/my_py_pkg/build install --prefix /home/sz/ros2_ws/install/my_py_pkg --record /home/sz/ros2_ws/build/my_py_pkg/install.log --single-version-externally-managed
