[0.023s] Invoking command in '/home/sz/ros2_ws/build/my_cpp_pkg': CMAKE_PREFIX_PATH=${CMAKE_PREFIX_PATH}:/home/sz/ros2_ws/install/my_py_pkg:/opt/ros/foxy /usr/bin/cmake --build /home/sz/ros2_ws/build/my_cpp_pkg -- -j2 -l2
[0.101s] [35m[1mScanning dependencies of target cpp_node[0m
[0.153s] [ 50%] [32mBuilding CXX object CMakeFiles/cpp_node.dir/src/my_first_node.cpp.o[0m
[2.330s] [01m[K/home/sz/ros2_ws/src/my_cpp_pkg/src/my_first_node.cpp:[m[K In constructor ‘[01m[KMyNode::MyNode()[m[K’:
[2.333s] [01m[K/home/sz/ros2_ws/src/my_cpp_pkg/src/my_first_node.cpp:20:67:[m[K [01;31m[Kerror: [m[Kno match for ‘[01m[Koperator<<[m[K’ (operand types are ‘[01m[Kstd::basic_ostream<char>[m[K’ and ‘[01m[Kvoid[m[K’)
[2.333s]    20 |         [32m[Kstd::cout << "std::bind(&MyNode::timer_callback, this)= "[m[K [01;31m[K<<[m[K [34m[Kstd_bind_func(this)[m[K '\n';
[2.333s]       |         [32m[K~~~~~~~~~~~~~~~~~~~~~~~~~~~~~~~~~~~~~~~~~~~~~~~~~~~~~~~~~[m[K [01;31m[K^~[m[K [34m[K~~~~~~~~~~~~~~~~~~~[m[K
[2.333s]       |                   [32m[K|[m[K                                                               [34m[K|[m[K
[2.333s]       |                   [32m[Kstd::basic_ostream<char>[m[K                                        [34m[Kvoid[m[K
[2.333s] In file included from [01m[K/usr/include/c++/9/iostream:39[m[K,
[2.334s]                  from [01m[K/opt/ros/foxy/include/rclcpp/executor.hpp:22[m[K,
[2.334s]                  from [01m[K/opt/ros/foxy/include/rclcpp/executors/multi_threaded_executor.hpp:25[m[K,
[2.334s]                  from [01m[K/opt/ros/foxy/include/rclcpp/executors.hpp:21[m[K,
[2.334s]                  from [01m[K/opt/ros/foxy/include/rclcpp/rclcpp.hpp:146[m[K,
[2.334s]                  from [01m[K/home/sz/ros2_ws/src/my_cpp_pkg/src/my_first_node.cpp:2[m[K:
[2.334s] [01m[K/usr/include/c++/9/ostream:108:7:[m[K [01;36m[Knote: [m[Kcandidate: ‘[01m[Kstd::basic_ostream<_CharT, _Traits>::__ostream_type& std::basic_ostream<_CharT, _Traits>::operator<<(std::basic_ostream<_CharT, _Traits>::__ostream_type& (*)(std::basic_ostream<_CharT, _Traits>::__ostream_type&)) [with _CharT = char; _Traits = std::char_traits<char>; std::basic_ostream<_CharT, _Traits>::__ostream_type = std::basic_ostream<char>][m[K’
[2.334s]   108 |       [01;36m[Koperator[m[K<<(__ostream_type& (*__pf)(__ostream_type&))
[2.334s]       |       [01;36m[K^~~~~~~~[m[K
[2.334s] [01m[K/usr/include/c++/9/ostream:108:36:[m[K [01;36m[Knote: [m[K  no known conversion for argument 1 from ‘[01m[Kvoid[m[K’ to ‘[01m[Kstd::basic_ostream<char>::__ostream_type& (*)(std::basic_ostream<char>::__ostream_type&)[m[K’ {aka ‘[01m[Kstd::basic_ostream<char>& (*)(std::basic_ostream<char>&)[m[K’}
[2.334s]   108 |       operator<<([01;36m[K__ostream_type& (*__pf)(__ostream_type&)[m[K)
[2.334s]       |                  [01;36m[K~~~~~~~~~~~~~~~~~~^~~~~~~~~~~~~~~~~~~~~~[m[K
[2.335s] [01m[K/usr/include/c++/9/ostream:117:7:[m[K [01;36m[Knote: [m[Kcandidate: ‘[01m[Kstd::basic_ostream<_CharT, _Traits>::__ostream_type& std::basic_ostream<_CharT, _Traits>::operator<<(std::basic_ostream<_CharT, _Traits>::__ios_type& (*)(std::basic_ostream<_CharT, _Traits>::__ios_type&)) [with _CharT = char; _Traits = std::char_traits<char>; std::basic_ostream<_CharT, _Traits>::__ostream_type = std::basic_ostream<char>; std::basic_ostream<_CharT, _Traits>::__ios_type = std::basic_ios<char>][m[K’
[2.335s]   117 |       [01;36m[Koperator[m[K<<(__ios_type& (*__pf)(__ios_type&))
[2.335s]       |       [01;36m[K^~~~~~~~[m[K
[2.335s] [01m[K/usr/include/c++/9/ostream:117:32:[m[K [01;36m[Knote: [m[K  no known conversion for argument 1 from ‘[01m[Kvoid[m[K’ to ‘[01m[Kstd::basic_ostream<char>::__ios_type& (*)(std::basic_ostream<char>::__ios_type&)[m[K’ {aka ‘[01m[Kstd::basic_ios<char>& (*)(std::basic_ios<char>&)[m[K’}
[2.335s]   117 |       operator<<([01;36m[K__ios_type& (*__pf)(__ios_type&)[m[K)
[2.335s]       |                  [01;36m[K~~~~~~~~~~~~~~^~~~~~~~~~~~~~~~~~[m[K
[2.335s] [01m[K/usr/include/c++/9/ostream:127:7:[m[K [01;36m[Knote: [m[Kcandidate: ‘[01m[Kstd::basic_ostream<_CharT, _Traits>::__ostream_type& std::basic_ostream<_CharT, _Traits>::operator<<(std::ios_base& (*)(std::ios_base&)) [with _CharT = char; _Traits = std::char_traits<char>; std::basic_ostream<_CharT, _Traits>::__ostream_type = std::basic_ostream<char>][m[K’
[2.335s]   127 |       [01;36m[Koperator[m[K<<(ios_base& (*__pf) (ios_base&))
[2.335s]       |       [01;36m[K^~~~~~~~[m[K
[2.335s] [01m[K/usr/include/c++/9/ostream:127:30:[m[K [01;36m[Knote: [m[K  no known conversion for argument 1 from ‘[01m[Kvoid[m[K’ to ‘[01m[Kstd::ios_base& (*)(std::ios_base&)[m[K’
[2.335s]   127 |       operator<<([01;36m[Kios_base& (*__pf) (ios_base&)[m[K)
[2.336s]       |                  [01;36m[K~~~~~~~~~~~~^~~~~~~~~~~~~~~~~[m[K
[2.336s] [01m[K/usr/include/c++/9/ostream:166:7:[m[K [01;36m[Knote: [m[Kcandidate: ‘[01m[Kstd::basic_ostream<_CharT, _Traits>::__ostream_type& std::basic_ostream<_CharT, _Traits>::operator<<(long int) [with _CharT = char; _Traits = std::char_traits<char>; std::basic_ostream<_CharT, _Traits>::__ostream_type = std::basic_ostream<char>][m[K’
[2.336s]   166 |       [01;36m[Koperator[m[K<<(long __n)
[2.336s]       |       [01;36m[K^~~~~~~~[m[K
[2.336s] [01m[K/usr/include/c++/9/ostream:166:23:[m[K [01;36m[Knote: [m[K  no known conversion for argument 1 from ‘[01m[Kvoid[m[K’ to ‘[01m[Klong int[m[K’
[2.336s]   166 |       operator<<([01;36m[Klong __n[m[K)
[2.336s]       |                  [01;36m[K~~~~~^~~[m[K
[2.336s] [01m[K/usr/include/c++/9/ostream:170:7:[m[K [01;36m[Knote: [m[Kcandidate: ‘[01m[Kstd::basic_ostream<_CharT, _Traits>::__ostream_type& std::basic_ostream<_CharT, _Traits>::operator<<(long unsigned int) [with _CharT = char; _Traits = std::char_traits<char>; std::basic_ostream<_CharT, _Traits>::__ostream_type = std::basic_ostream<char>][m[K’
[2.336s]   170 |       [01;36m[Koperator[m[K<<(unsigned long __n)
[2.337s]       |       [01;36m[K^~~~~~~~[m[K
[2.337s] [01m[K/usr/include/c++/9/ostream:170:32:[m[K [01;36m[Knote: [m[K  no known conversion for argument 1 from ‘[01m[Kvoid[m[K’ to ‘[01m[Klong unsigned int[m[K’
[2.337s]   170 |       operator<<([01;36m[Kunsigned long __n[m[K)
[2.337s]       |                  [01;36m[K~~~~~~~~~~~~~~^~~[m[K
[2.337s] [01m[K/usr/include/c++/9/ostream:174:7:[m[K [01;36m[Knote: [m[Kcandidate: ‘[01m[Kstd::basic_ostream<_CharT, _Traits>::__ostream_type& std::basic_ostream<_CharT, _Traits>::operator<<(bool) [with _CharT = char; _Traits = std::char_traits<char>; std::basic_ostream<_CharT, _Traits>::__ostream_type = std::basic_ostream<char>][m[K’
[2.337s]   174 |       [01;36m[Koperator[m[K<<(bool __n)
[2.337s]       |       [01;36m[K^~~~~~~~[m[K
[2.337s] [01m[K/usr/include/c++/9/ostream:174:23:[m[K [01;36m[Knote: [m[K  no known conversion for argument 1 from ‘[01m[Kvoid[m[K’ to ‘[01m[Kbool[m[K’
[2.337s]   174 |       operator<<([01;36m[Kbool __n[m[K)
[2.337s]       |                  [01;36m[K~~~~~^~~[m[K
[2.337s] In file included from [01m[K/usr/include/c++/9/ostream:702[m[K,
[2.337s]                  from [01m[K/usr/include/c++/9/iostream:39[m[K,
[2.338s]                  from [01m[K/opt/ros/foxy/include/rclcpp/executor.hpp:22[m[K,
[2.338s]                  from [01m[K/opt/ros/foxy/include/rclcpp/executors/multi_threaded_executor.hpp:25[m[K,
[2.338s]                  from [01m[K/opt/ros/foxy/include/rclcpp/executors.hpp:21[m[K,
[2.338s]                  from [01m[K/opt/ros/foxy/include/rclcpp/rclcpp.hpp:146[m[K,
[2.338s]                  from [01m[K/home/sz/ros2_ws/src/my_cpp_pkg/src/my_first_node.cpp:2[m[K:
[2.338s] [01m[K/usr/include/c++/9/bits/ostream.tcc:91:5:[m[K [01;36m[Knote: [m[Kcandidate: ‘[01m[Kstd::basic_ostream<_CharT, _Traits>& std::basic_ostream<_CharT, _Traits>::operator<<(short int) [with _CharT = char; _Traits = std::char_traits<char>][m[K’
[2.338s]    91 |     [01;36m[Kbasic_ostream<_CharT, _Traits>[m[K::
[2.338s]       |     [01;36m[K^~~~~~~~~~~~~~~~~~~~~~~~~~~~~~[m[K
[2.338s] [01m[K/usr/include/c++/9/bits/ostream.tcc:92:22:[m[K [01;36m[Knote: [m[K  no known conversion for argument 1 from ‘[01m[Kvoid[m[K’ to ‘[01m[Kshort int[m[K’
[2.338s]    92 |     operator<<([01;36m[Kshort __n[m[K)
[2.338s]       |                [01;36m[K~~~~~~^~~[m[K
[2.338s] In file included from [01m[K/usr/include/c++/9/iostream:39[m[K,
[2.339s]                  from [01m[K/opt/ros/foxy/include/rclcpp/executor.hpp:22[m[K,
[2.339s]                  from [01m[K/opt/ros/foxy/include/rclcpp/executors/multi_threaded_executor.hpp:25[m[K,
[2.339s]                  from [01m[K/opt/ros/foxy/include/rclcpp/executors.hpp:21[m[K,
[2.339s]                  from [01m[K/opt/ros/foxy/include/rclcpp/rclcpp.hpp:146[m[K,
[2.339s]                  from [01m[K/home/sz/ros2_ws/src/my_cpp_pkg/src/my_first_node.cpp:2[m[K:
[2.339s] [01m[K/usr/include/c++/9/ostream:181:7:[m[K [01;36m[Knote: [m[Kcandidate: ‘[01m[Kstd::basic_ostream<_CharT, _Traits>::__ostream_type& std::basic_ostream<_CharT, _Traits>::operator<<(short unsigned int) [with _CharT = char; _Traits = std::char_traits<char>; std::basic_ostream<_CharT, _Traits>::__ostream_type = std::basic_ostream<char>][m[K’
[2.339s]   181 |       [01;36m[Koperator[m[K<<(unsigned short __n)
[2.339s]       |       [01;36m[K^~~~~~~~[m[K
[2.339s] [01m[K/usr/include/c++/9/ostream:181:33:[m[K [01;36m[Knote: [m[K  no known conversion for argument 1 from ‘[01m[Kvoid[m[K’ to ‘[01m[Kshort unsigned int[m[K’
[2.339s]   181 |       operator<<([01;36m[Kunsigned short __n[m[K)
[2.339s]       |                  [01;36m[K~~~~~~~~~~~~~~~^~~[m[K
[2.340s] In file included from [01m[K/usr/include/c++/9/ostream:702[m[K,
[2.340s]                  from [01m[K/usr/include/c++/9/iostream:39[m[K,
[2.340s]                  from [01m[K/opt/ros/foxy/include/rclcpp/executor.hpp:22[m[K,
[2.340s]                  from [01m[K/opt/ros/foxy/include/rclcpp/executors/multi_threaded_executor.hpp:25[m[K,
[2.340s]                  from [01m[K/opt/ros/foxy/include/rclcpp/executors.hpp:21[m[K,
[2.340s]                  from [01m[K/opt/ros/foxy/include/rclcpp/rclcpp.hpp:146[m[K,
[2.340s]                  from [01m[K/home/sz/ros2_ws/src/my_cpp_pkg/src/my_first_node.cpp:2[m[K:
[2.340s] [01m[K/usr/include/c++/9/bits/ostream.tcc:105:5:[m[K [01;36m[Knote: [m[Kcandidate: ‘[01m[Kstd::basic_ostream<_CharT, _Traits>& std::basic_ostream<_CharT, _Traits>::operator<<(int) [with _CharT = char; _Traits = std::char_traits<char>][m[K’
[2.340s]   105 |     [01;36m[Kbasic_ostream<_CharT, _Traits>[m[K::
[2.340s]       |     [01;36m[K^~~~~~~~~~~~~~~~~~~~~~~~~~~~~~[m[K
[2.341s] [01m[K/usr/include/c++/9/bits/ostream.tcc:106:20:[m[K [01;36m[Knote: [m[K  no known conversion for argument 1 from ‘[01m[Kvoid[m[K’ to ‘[01m[Kint[m[K’
[2.341s]   106 |     operator<<([01;36m[Kint __n[m[K)
[2.341s]       |                [01;36m[K~~~~^~~[m[K
[2.341s] In file included from [01m[K/usr/include/c++/9/iostream:39[m[K,
[2.341s]                  from [01m[K/opt/ros/foxy/include/rclcpp/executor.hpp:22[m[K,
[2.341s]                  from [01m[K/opt/ros/foxy/include/rclcpp/executors/multi_threaded_executor.hpp:25[m[K,
[2.341s]                  from [01m[K/opt/ros/foxy/include/rclcpp/executors.hpp:21[m[K,
[2.341s]                  from [01m[K/opt/ros/foxy/include/rclcpp/rclcpp.hpp:146[m[K,
[2.341s]                  from [01m[K/home/sz/ros2_ws/src/my_cpp_pkg/src/my_first_node.cpp:2[m[K:
[2.341s] [01m[K/usr/include/c++/9/ostream:192:7:[m[K [01;36m[Knote: [m[Kcandidate: ‘[01m[Kstd::basic_ostream<_CharT, _Traits>::__ostream_type& std::basic_ostream<_CharT, _Traits>::operator<<(unsigned int) [with _CharT = char; _Traits = std::char_traits<char>; std::basic_ostream<_CharT, _Traits>::__ostream_type = std::basic_ostream<char>][m[K’
[2.341s]   192 |       [01;36m[Koperator[m[K<<(unsigned int __n)
[2.341s]       |       [01;36m[K^~~~~~~~[m[K
[2.342s] [01m[K/usr/include/c++/9/ostream:192:31:[m[K [01;36m[Knote: [m[K  no known conversion for argument 1 from ‘[01m[Kvoid[m[K’ to ‘[01m[Kunsigned int[m[K’
[2.342s]   192 |       operator<<([01;36m[Kunsigned int __n[m[K)
[2.342s]       |                  [01;36m[K~~~~~~~~~~~~~^~~[m[K
[2.342s] [01m[K/usr/include/c++/9/ostream:201:7:[m[K [01;36m[Knote: [m[Kcandidate: ‘[01m[Kstd::basic_ostream<_CharT, _Traits>::__ostream_type& std::basic_ostream<_CharT, _Traits>::operator<<(long long int) [with _CharT = char; _Traits = std::char_traits<char>; std::basic_ostream<_CharT, _Traits>::__ostream_type = std::basic_ostream<char>][m[K’
[2.342s]   201 |       [01;36m[Koperator[m[K<<(long long __n)
[2.342s]       |       [01;36m[K^~~~~~~~[m[K
[2.342s] [01m[K/usr/include/c++/9/ostream:201:28:[m[K [01;36m[Knote: [m[K  no known conversion for argument 1 from ‘[01m[Kvoid[m[K’ to ‘[01m[Klong long int[m[K’
[2.342s]   201 |       operator<<([01;36m[Klong long __n[m[K)
[2.342s]       |                  [01;36m[K~~~~~~~~~~^~~[m[K
[2.342s] [01m[K/usr/include/c++/9/ostream:205:7:[m[K [01;36m[Knote: [m[Kcandidate: ‘[01m[Kstd::basic_ostream<_CharT, _Traits>::__ostream_type& std::basic_ostream<_CharT, _Traits>::operator<<(long long unsigned int) [with _CharT = char; _Traits = std::char_traits<char>; std::basic_ostream<_CharT, _Traits>::__ostream_type = std::basic_ostream<char>][m[K’
[2.342s]   205 |       [01;36m[Koperator[m[K<<(unsigned long long __n)
[2.342s]       |       [01;36m[K^~~~~~~~[m[K
[2.343s] [01m[K/usr/include/c++/9/ostream:205:37:[m[K [01;36m[Knote: [m[K  no known conversion for argument 1 from ‘[01m[Kvoid[m[K’ to ‘[01m[Klong long unsigned int[m[K’
[2.343s]   205 |       operator<<([01;36m[Kunsigned long long __n[m[K)
[2.343s]       |                  [01;36m[K~~~~~~~~~~~~~~~~~~~^~~[m[K
[2.343s] [01m[K/usr/include/c++/9/ostream:220:7:[m[K [01;36m[Knote: [m[Kcandidate: ‘[01m[Kstd::basic_ostream<_CharT, _Traits>::__ostream_type& std::basic_ostream<_CharT, _Traits>::operator<<(double) [with _CharT = char; _Traits = std::char_traits<char>; std::basic_ostream<_CharT, _Traits>::__ostream_type = std::basic_ostream<char>][m[K’
[2.343s]   220 |       [01;36m[Koperator[m[K<<(double __f)
[2.343s]       |       [01;36m[K^~~~~~~~[m[K
[2.343s] [01m[K/usr/include/c++/9/ostream:220:25:[m[K [01;36m[Knote: [m[K  no known conversion for argument 1 from ‘[01m[Kvoid[m[K’ to ‘[01m[Kdouble[m[K’
[2.343s]   220 |       operator<<([01;36m[Kdouble __f[m[K)
[2.344s]       |                  [01;36m[K~~~~~~~^~~[m[K
[2.344s] [01m[K/usr/include/c++/9/ostream:224:7:[m[K [01;36m[Knote: [m[Kcandidate: ‘[01m[Kstd::basic_ostream<_CharT, _Traits>::__ostream_type& std::basic_ostream<_CharT, _Traits>::operator<<(float) [with _CharT = char; _Traits = std::char_traits<char>; std::basic_ostream<_CharT, _Traits>::__ostream_type = std::basic_ostream<char>][m[K’
[2.344s]   224 |       [01;36m[Koperator[m[K<<(float __f)
[2.344s]       |       [01;36m[K^~~~~~~~[m[K
[2.344s] [01m[K/usr/include/c++/9/ostream:224:24:[m[K [01;36m[Knote: [m[K  no known conversion for argument 1 from ‘[01m[Kvoid[m[K’ to ‘[01m[Kfloat[m[K’
[2.344s]   224 |       operator<<([01;36m[Kfloat __f[m[K)
[2.344s]       |                  [01;36m[K~~~~~~^~~[m[K
[2.344s] [01m[K/usr/include/c++/9/ostream:232:7:[m[K [01;36m[Knote: [m[Kcandidate: ‘[01m[Kstd::basic_ostream<_CharT, _Traits>::__ostream_type& std::basic_ostream<_CharT, _Traits>::operator<<(long double) [with _CharT = char; _Traits = std::char_traits<char>; std::basic_ostream<_CharT, _Traits>::__ostream_type = std::basic_ostream<char>][m[K’
[2.344s]   232 |       [01;36m[Koperator[m[K<<(long double __f)
[2.344s]       |       [01;36m[K^~~~~~~~[m[K
[2.345s] [01m[K/usr/include/c++/9/ostream:232:30:[m[K [01;36m[Knote: [m[K  no known conversion for argument 1 from ‘[01m[Kvoid[m[K’ to ‘[01m[Klong double[m[K’
[2.345s]   232 |       operator<<([01;36m[Klong double __f[m[K)
[2.345s]       |                  [01;36m[K~~~~~~~~~~~~^~~[m[K
[2.345s] [01m[K/usr/include/c++/9/ostream:245:7:[m[K [01;36m[Knote: [m[Kcandidate: ‘[01m[Kstd::basic_ostream<_CharT, _Traits>::__ostream_type& std::basic_ostream<_CharT, _Traits>::operator<<(const void*) [with _CharT = char; _Traits = std::char_traits<char>; std::basic_ostream<_CharT, _Traits>::__ostream_type = std::basic_ostream<char>][m[K’
[2.345s]   245 |       [01;36m[Koperator[m[K<<(const void* __p)
[2.345s]       |       [01;36m[K^~~~~~~~[m[K
[2.345s] [01m[K/usr/include/c++/9/ostream:245:30:[m[K [01;36m[Knote: [m[K  no known conversion for argument 1 from ‘[01m[Kvoid[m[K’ to ‘[01m[Kconst void*[m[K’
[2.345s]   245 |       operator<<([01;36m[Kconst void* __p[m[K)
[2.345s]       |                  [01;36m[K~~~~~~~~~~~~^~~[m[K
[2.345s] In file included from [01m[K/usr/include/c++/9/ostream:702[m[K,
[2.345s]                  from [01m[K/usr/include/c++/9/iostream:39[m[K,
[2.345s]                  from [01m[K/opt/ros/foxy/include/rclcpp/executor.hpp:22[m[K,
[2.346s]                  from [01m[K/opt/ros/foxy/include/rclcpp/executors/multi_threaded_executor.hpp:25[m[K,
[2.346s]                  from [01m[K/opt/ros/foxy/include/rclcpp/executors.hpp:21[m[K,
[2.346s]                  from [01m[K/opt/ros/foxy/include/rclcpp/rclcpp.hpp:146[m[K,
[2.346s]                  from [01m[K/home/sz/ros2_ws/src/my_cpp_pkg/src/my_first_node.cpp:2[m[K:
[2.346s] [01m[K/usr/include/c++/9/bits/ostream.tcc:119:5:[m[K [01;36m[Knote: [m[Kcandidate: ‘[01m[Kstd::basic_ostream<_CharT, _Traits>& std::basic_ostream<_CharT, _Traits>::operator<<(std::basic_ostream<_CharT, _Traits>::__streambuf_type*) [with _CharT = char; _Traits = std::char_traits<char>; std::basic_ostream<_CharT, _Traits>::__streambuf_type = std::basic_streambuf<char>][m[K’
[2.346s]   119 |     [01;36m[Kbasic_ostream<_CharT, _Traits>[m[K::
[2.346s]       |     [01;36m[K^~~~~~~~~~~~~~~~~~~~~~~~~~~~~~[m[K
[2.347s] [01m[K/usr/include/c++/9/bits/ostream.tcc:120:34:[m[K [01;36m[Knote: [m[K  no known conversion for argument 1 from ‘[01m[Kvoid[m[K’ to ‘[01m[Kstd::basic_ostream<char>::__streambuf_type*[m[K’ {aka ‘[01m[Kstd::basic_streambuf<char>*[m[K’}
[2.347s]   120 |     operator<<([01;36m[K__streambuf_type* __sbin[m[K)
[2.347s]       |                [01;36m[K~~~~~~~~~~~~~~~~~~^~~~~~[m[K
[2.347s] In file included from [01m[K/usr/include/c++/9/string:55[m[K,
[2.347s]                  from [01m[K/usr/include/c++/9/stdexcept:39[m[K,
[2.347s]                  from [01m[K/usr/include/c++/9/array:39[m[K,
[2.347s]                  from [01m[K/usr/include/c++/9/tuple:39[m[K,
[2.347s]                  from [01m[K/usr/include/c++/9/bits/unique_ptr.h:37[m[K,
[2.347s]                  from [01m[K/usr/include/c++/9/memory:80[m[K,
[2.348s]                  from [01m[K/opt/ros/foxy/include/rclcpp/rclcpp.hpp:144[m[K,
[2.348s]                  from [01m[K/home/sz/ros2_ws/src/my_cpp_pkg/src/my_first_node.cpp:2[m[K:
[2.348s] [01m[K/usr/include/c++/9/bits/basic_string.h:6416:5:[m[K [01;36m[Knote: [m[Kcandidate: ‘[01m[Ktemplate<class _CharT, class _Traits, class _Alloc> std::basic_ostream<_CharT, _Traits>& std::operator<<(std::basic_ostream<_CharT, _Traits>&, const std::__cxx11::basic_string<_CharT, _Traits, _Alloc>&)[m[K’
[2.348s]  6416 |     [01;36m[Koperator[m[K<<(basic_ostream<_CharT, _Traits>& __os,
[2.348s]       |     [01;36m[K^~~~~~~~[m[K
[2.348s] [01m[K/usr/include/c++/9/bits/basic_string.h:6416:5:[m[K [01;36m[Knote: [m[K  template argument deduction/substitution failed:
[2.348s] [01m[K/home/sz/ros2_ws/src/my_cpp_pkg/src/my_first_node.cpp:20:88:[m[K [01;36m[Knote: [m[K  mismatched types ‘[01m[Kconst std::__cxx11::basic_string<_CharT, _Traits, _Alloc>[m[K’ and ‘[01m[Kvoid[m[K’
[2.348s]    20 |         std::cout << "std::bind(&MyNode::timer_callback, this)= " << std_bind_func(this[01;36m[K)[m[K '\n';
[2.348s]       |                                                                                        [01;36m[K^[m[K
[2.348s] In file included from [01m[K/usr/include/c++/9/memory:81[m[K,
[2.349s]                  from [01m[K/opt/ros/foxy/include/rclcpp/rclcpp.hpp:144[m[K,
[2.349s]                  from [01m[K/home/sz/ros2_ws/src/my_cpp_pkg/src/my_first_node.cpp:2[m[K:
[2.349s] [01m[K/usr/include/c++/9/bits/shared_ptr.h:66:5:[m[K [01;36m[Knote: [m[Kcandidate: ‘[01m[Ktemplate<class _Ch, class _Tr, class _Tp, __gnu_cxx::_Lock_policy _Lp> std::basic_ostream<_CharT, _Traits>& std::operator<<(std::basic_ostream<_CharT, _Traits>&, const std::__shared_ptr<_Tp, _Lp>&)[m[K’
[2.349s]    66 |     [01;36m[Koperator[m[K<<(std::basic_ostream<_Ch, _Tr>& __os,
[2.349s]       |     [01;36m[K^~~~~~~~[m[K
[2.349s] [01m[K/usr/include/c++/9/bits/shared_ptr.h:66:5:[m[K [01;36m[Knote: [m[K  template argument deduction/substitution failed:
[2.349s] [01m[K/home/sz/ros2_ws/src/my_cpp_pkg/src/my_first_node.cpp:20:88:[m[K [01;36m[Knote: [m[K  mismatched types ‘[01m[Kconst std::__shared_ptr<_Tp, _Lp>[m[K’ and ‘[01m[Kvoid[m[K’
[2.349s]    20 |         std::cout << "std::bind(&MyNode::timer_callback, this)= " << std_bind_func(this[01;36m[K)[m[K '\n';
[2.349s]       |                                                                                        [01;36m[K^[m[K
[2.349s] In file included from [01m[K/usr/include/c++/9/mutex:42[m[K,
[2.349s]                  from [01m[K/usr/include/c++/9/future:38[m[K,
[2.349s]                  from [01m[K/opt/ros/foxy/include/rclcpp/executors.hpp:18[m[K,
[2.350s]                  from [01m[K/opt/ros/foxy/include/rclcpp/rclcpp.hpp:146[m[K,
[2.350s]                  from [01m[K/home/sz/ros2_ws/src/my_cpp_pkg/src/my_first_node.cpp:2[m[K:
[2.350s] [01m[K/usr/include/c++/9/system_error:217:5:[m[K [01;36m[Knote: [m[Kcandidate: ‘[01m[Ktemplate<class _CharT, class _Traits> std::basic_ostream<_CharT, _Traits>& std::operator<<(std::basic_ostream<_CharT, _Traits>&, const std::error_code&)[m[K’
[2.350s]   217 |     [01;36m[Koperator[m[K<<(basic_ostream<_CharT, _Traits>& __os, const error_code& __e)
[2.350s]       |     [01;36m[K^~~~~~~~[m[K
[2.350s] [01m[K/usr/include/c++/9/system_error:217:5:[m[K [01;36m[Knote: [m[K  template argument deduction/substitution failed:
[2.350s] [01m[K/home/sz/ros2_ws/src/my_cpp_pkg/src/my_first_node.cpp:20:83:[m[K [01;36m[Knote: [m[K  cannot convert ‘[01m[Kstd_bind_func.std::_Bind<void (MyNode::*(MyNode*))()>::operator()<MyNode*>(((MyNode*)this))[m[K’ (type ‘[01m[Kvoid[m[K’) to type ‘[01m[Kconst std::error_code&[m[K’
[2.350s]    20 |         std::cout << "std::bind(&MyNode::timer_callback, this)= " << [01;36m[Kstd_bind_func(this)[m[K '\n';
[2.350s]       |                                                                      [01;36m[K~~~~~~~~~~~~~^~~~~~[m[K
[2.350s] In file included from [01m[K/usr/include/c++/9/future:39[m[K,
[2.350s]                  from [01m[K/opt/ros/foxy/include/rclcpp/executors.hpp:18[m[K,
[2.350s]                  from [01m[K/opt/ros/foxy/include/rclcpp/rclcpp.hpp:146[m[K,
[2.351s]                  from [01m[K/home/sz/ros2_ws/src/my_cpp_pkg/src/my_first_node.cpp:2[m[K:
[2.351s] [01m[K/usr/include/c++/9/thread:322:5:[m[K [01;36m[Knote: [m[Kcandidate: ‘[01m[Ktemplate<class _CharT, class _Traits> std::basic_ostream<_CharT, _Traits>& std::operator<<(std::basic_ostream<_CharT, _Traits>&, std::thread::id)[m[K’
[2.351s]   322 |     [01;36m[Koperator[m[K<<(basic_ostream<_CharT, _Traits>& __out, thread::id __id)
[2.351s]       |     [01;36m[K^~~~~~~~[m[K
[2.351s] [01m[K/usr/include/c++/9/thread:322:5:[m[K [01;36m[Knote: [m[K  template argument deduction/substitution failed:
[2.351s] [01m[K/home/sz/ros2_ws/src/my_cpp_pkg/src/my_first_node.cpp:20:83:[m[K [01;36m[Knote: [m[K  cannot convert ‘[01m[Kstd_bind_func.std::_Bind<void (MyNode::*(MyNode*))()>::operator()<MyNode*>(((MyNode*)this))[m[K’ (type ‘[01m[Kvoid[m[K’) to type ‘[01m[Kstd::thread::id[m[K’
[2.351s]    20 |         std::cout << "std::bind(&MyNode::timer_callback, this)= " << [01;36m[Kstd_bind_func(this)[m[K '\n';
[2.351s]       |                                                                      [01;36m[K~~~~~~~~~~~~~^~~~~~[m[K
[2.351s] In file included from [01m[K/usr/include/c++/9/iostream:39[m[K,
[2.351s]                  from [01m[K/opt/ros/foxy/include/rclcpp/executor.hpp:22[m[K,
[2.351s]                  from [01m[K/opt/ros/foxy/include/rclcpp/executors/multi_threaded_executor.hpp:25[m[K,
[2.351s]                  from [01m[K/opt/ros/foxy/include/rclcpp/executors.hpp:21[m[K,
[2.352s]                  from [01m[K/opt/ros/foxy/include/rclcpp/rclcpp.hpp:146[m[K,
[2.352s]                  from [01m[K/home/sz/ros2_ws/src/my_cpp_pkg/src/my_first_node.cpp:2[m[K:
[2.352s] [01m[K/usr/include/c++/9/ostream:506:5:[m[K [01;36m[Knote: [m[Kcandidate: ‘[01m[Ktemplate<class _CharT, class _Traits> std::basic_ostream<_CharT, _Traits>& std::operator<<(std::basic_ostream<_CharT, _Traits>&, _CharT)[m[K’
[2.352s]   506 |     [01;36m[Koperator[m[K<<(basic_ostream<_CharT, _Traits>& __out, _CharT __c)
[2.352s]       |     [01;36m[K^~~~~~~~[m[K
[2.352s] [01m[K/usr/include/c++/9/ostream:506:5:[m[K [01;36m[Knote: [m[K  template argument deduction/substitution failed:
[2.352s] [01m[K/home/sz/ros2_ws/src/my_cpp_pkg/src/my_first_node.cpp:20:88:[m[K [01;36m[Knote: [m[K  deduced conflicting types for parameter ‘[01m[K_CharT[m[K’ (‘[01m[Kchar[m[K’ and ‘[01m[Kvoid[m[K’)
[2.352s]    20 |         std::cout << "std::bind(&MyNode::timer_callback, this)= " << std_bind_func(this[01;36m[K)[m[K '\n';
[2.352s]       |                                                                                        [01;36m[K^[m[K
[2.353s] In file included from [01m[K/usr/include/c++/9/iostream:39[m[K,
[2.353s]                  from [01m[K/opt/ros/foxy/include/rclcpp/executor.hpp:22[m[K,
[2.353s]                  from [01m[K/opt/ros/foxy/include/rclcpp/executors/multi_threaded_executor.hpp:25[m[K,
[2.353s]                  from [01m[K/opt/ros/foxy/include/rclcpp/executors.hpp:21[m[K,
[2.353s]                  from [01m[K/opt/ros/foxy/include/rclcpp/rclcpp.hpp:146[m[K,
[2.353s]                  from [01m[K/home/sz/ros2_ws/src/my_cpp_pkg/src/my_first_node.cpp:2[m[K:
[2.353s] [01m[K/usr/include/c++/9/ostream:511:5:[m[K [01;36m[Knote: [m[Kcandidate: ‘[01m[Ktemplate<class _CharT, class _Traits> std::basic_ostream<_CharT, _Traits>& std::operator<<(std::basic_ostream<_CharT, _Traits>&, char)[m[K’
[2.353s]   511 |     [01;36m[Koperator[m[K<<(basic_ostream<_CharT, _Traits>& __out, char __c)
[2.353s]       |     [01;36m[K^~~~~~~~[m[K
[2.353s] [01m[K/usr/include/c++/9/ostream:511:5:[m[K [01;36m[Knote: [m[K  template argument deduction/substitution failed:
[2.354s] [01m[K/home/sz/ros2_ws/src/my_cpp_pkg/src/my_first_node.cpp:20:83:[m[K [01;36m[Knote: [m[K  cannot convert ‘[01m[Kstd_bind_func.std::_Bind<void (MyNode::*(MyNode*))()>::operator()<MyNode*>(((MyNode*)this))[m[K’ (type ‘[01m[Kvoid[m[K’) to type ‘[01m[Kchar[m[K’
[2.354s]    20 |         std::cout << "std::bind(&MyNode::timer_callback, this)= " << [01;36m[Kstd_bind_func(this)[m[K '\n';
[2.354s]       |                                                                      [01;36m[K~~~~~~~~~~~~~^~~~~~[m[K
[2.354s] In file included from [01m[K/usr/include/c++/9/iostream:39[m[K,
[2.354s]                  from [01m[K/opt/ros/foxy/include/rclcpp/executor.hpp:22[m[K,
[2.354s]                  from [01m[K/opt/ros/foxy/include/rclcpp/executors/multi_threaded_executor.hpp:25[m[K,
[2.354s]                  from [01m[K/opt/ros/foxy/include/rclcpp/executors.hpp:21[m[K,
[2.354s]                  from [01m[K/opt/ros/foxy/include/rclcpp/rclcpp.hpp:146[m[K,
[2.354s]                  from [01m[K/home/sz/ros2_ws/src/my_cpp_pkg/src/my_first_node.cpp:2[m[K:
[2.354s] [01m[K/usr/include/c++/9/ostream:517:5:[m[K [01;36m[Knote: [m[Kcandidate: ‘[01m[Ktemplate<class _Traits> std::basic_ostream<char, _Traits>& std::operator<<(std::basic_ostream<char, _Traits>&, char)[m[K’
[2.354s]   517 |     [01;36m[Koperator[m[K<<(basic_ostream<char, _Traits>& __out, char __c)
[2.354s]       |     [01;36m[K^~~~~~~~[m[K
[2.354s] [01m[K/usr/include/c++/9/ostream:517:5:[m[K [01;36m[Knote: [m[K  template argument deduction/substitution failed:
[2.355s] [01m[K/home/sz/ros2_ws/src/my_cpp_pkg/src/my_first_node.cpp:20:83:[m[K [01;36m[Knote: [m[K  cannot convert ‘[01m[Kstd_bind_func.std::_Bind<void (MyNode::*(MyNode*))()>::operator()<MyNode*>(((MyNode*)this))[m[K’ (type ‘[01m[Kvoid[m[K’) to type ‘[01m[Kchar[m[K’
[2.355s]    20 |         std::cout << "std::bind(&MyNode::timer_callback, this)= " << [01;36m[Kstd_bind_func(this)[m[K '\n';
[2.355s]       |                                                                      [01;36m[K~~~~~~~~~~~~~^~~~~~[m[K
[2.355s] In file included from [01m[K/usr/include/c++/9/iostream:39[m[K,
[2.355s]                  from [01m[K/opt/ros/foxy/include/rclcpp/executor.hpp:22[m[K,
[2.355s]                  from [01m[K/opt/ros/foxy/include/rclcpp/executors/multi_threaded_executor.hpp:25[m[K,
[2.355s]                  from [01m[K/opt/ros/foxy/include/rclcpp/executors.hpp:21[m[K,
[2.355s]                  from [01m[K/opt/ros/foxy/include/rclcpp/rclcpp.hpp:146[m[K,
[2.355s]                  from [01m[K/home/sz/ros2_ws/src/my_cpp_pkg/src/my_first_node.cpp:2[m[K:
[2.355s] [01m[K/usr/include/c++/9/ostream:523:5:[m[K [01;36m[Knote: [m[Kcandidate: ‘[01m[Ktemplate<class _Traits> std::basic_ostream<char, _Traits>& std::operator<<(std::basic_ostream<char, _Traits>&, signed char)[m[K’
[2.355s]   523 |     [01;36m[Koperator[m[K<<(basic_ostream<char, _Traits>& __out, signed char __c)
[2.356s]       |     [01;36m[K^~~~~~~~[m[K
[2.356s] [01m[K/usr/include/c++/9/ostream:523:5:[m[K [01;36m[Knote: [m[K  template argument deduction/substitution failed:
[2.356s] [01m[K/home/sz/ros2_ws/src/my_cpp_pkg/src/my_first_node.cpp:20:83:[m[K [01;36m[Knote: [m[K  cannot convert ‘[01m[Kstd_bind_func.std::_Bind<void (MyNode::*(MyNode*))()>::operator()<MyNode*>(((MyNode*)this))[m[K’ (type ‘[01m[Kvoid[m[K’) to type ‘[01m[Ksigned char[m[K’
[2.356s]    20 |         std::cout << "std::bind(&MyNode::timer_callback, this)= " << [01;36m[Kstd_bind_func(this)[m[K '\n';
[2.356s]       |                                                                      [01;36m[K~~~~~~~~~~~~~^~~~~~[m[K
[2.356s] In file included from [01m[K/usr/include/c++/9/iostream:39[m[K,
[2.356s]                  from [01m[K/opt/ros/foxy/include/rclcpp/executor.hpp:22[m[K,
[2.356s]                  from [01m[K/opt/ros/foxy/include/rclcpp/executors/multi_threaded_executor.hpp:25[m[K,
[2.356s]                  from [01m[K/opt/ros/foxy/include/rclcpp/executors.hpp:21[m[K,
[2.356s]                  from [01m[K/opt/ros/foxy/include/rclcpp/rclcpp.hpp:146[m[K,
[2.356s]                  from [01m[K/home/sz/ros2_ws/src/my_cpp_pkg/src/my_first_node.cpp:2[m[K:
[2.356s] [01m[K/usr/include/c++/9/ostream:528:5:[m[K [01;36m[Knote: [m[Kcandidate: ‘[01m[Ktemplate<class _Traits> std::basic_ostream<char, _Traits>& std::operator<<(std::basic_ostream<char, _Traits>&, unsigned char)[m[K’
[2.357s]   528 |     [01;36m[Koperator[m[K<<(basic_ostream<char, _Traits>& __out, unsigned char __c)
[2.357s]       |     [01;36m[K^~~~~~~~[m[K
[2.357s] [01m[K/usr/include/c++/9/ostream:528:5:[m[K [01;36m[Knote: [m[K  template argument deduction/substitution failed:
[2.357s] [01m[K/home/sz/ros2_ws/src/my_cpp_pkg/src/my_first_node.cpp:20:83:[m[K [01;36m[Knote: [m[K  cannot convert ‘[01m[Kstd_bind_func.std::_Bind<void (MyNode::*(MyNode*))()>::operator()<MyNode*>(((MyNode*)this))[m[K’ (type ‘[01m[Kvoid[m[K’) to type ‘[01m[Kunsigned char[m[K’
[2.357s]    20 |         std::cout << "std::bind(&MyNode::timer_callback, this)= " << [01;36m[Kstd_bind_func(this)[m[K '\n';
[2.357s]       |                                                                      [01;36m[K~~~~~~~~~~~~~^~~~~~[m[K
[2.357s] In file included from [01m[K/usr/include/c++/9/iostream:39[m[K,
[2.357s]                  from [01m[K/opt/ros/foxy/include/rclcpp/executor.hpp:22[m[K,
[2.357s]                  from [01m[K/opt/ros/foxy/include/rclcpp/executors/multi_threaded_executor.hpp:25[m[K,
[2.357s]                  from [01m[K/opt/ros/foxy/include/rclcpp/executors.hpp:21[m[K,
[2.357s]                  from [01m[K/opt/ros/foxy/include/rclcpp/rclcpp.hpp:146[m[K,
[2.357s]                  from [01m[K/home/sz/ros2_ws/src/my_cpp_pkg/src/my_first_node.cpp:2[m[K:
[2.357s] [01m[K/usr/include/c++/9/ostream:548:5:[m[K [01;36m[Knote: [m[Kcandidate: ‘[01m[Ktemplate<class _CharT, class _Traits> std::basic_ostream<_CharT, _Traits>& std::operator<<(std::basic_ostream<_CharT, _Traits>&, const _CharT*)[m[K’
[2.358s]   548 |     [01;36m[Koperator[m[K<<(basic_ostream<_CharT, _Traits>& __out, const _CharT* __s)
[2.358s]       |     [01;36m[K^~~~~~~~[m[K
[2.358s] [01m[K/usr/include/c++/9/ostream:548:5:[m[K [01;36m[Knote: [m[K  template argument deduction/substitution failed:
[2.358s] [01m[K/home/sz/ros2_ws/src/my_cpp_pkg/src/my_first_node.cpp:20:88:[m[K [01;36m[Knote: [m[K  mismatched types ‘[01m[Kconst _CharT*[m[K’ and ‘[01m[Kvoid[m[K’
[2.358s]    20 |         std::cout << "std::bind(&MyNode::timer_callback, this)= " << std_bind_func(this[01;36m[K)[m[K '\n';
[2.358s]       |                                                                                        [01;36m[K^[m[K
[2.358s] In file included from [01m[K/usr/include/c++/9/ostream:702[m[K,
[2.358s]                  from [01m[K/usr/include/c++/9/iostream:39[m[K,
[2.358s]                  from [01m[K/opt/ros/foxy/include/rclcpp/executor.hpp:22[m[K,
[2.358s]                  from [01m[K/opt/ros/foxy/include/rclcpp/executors/multi_threaded_executor.hpp:25[m[K,
[2.358s]                  from [01m[K/opt/ros/foxy/include/rclcpp/executors.hpp:21[m[K,
[2.358s]                  from [01m[K/opt/ros/foxy/include/rclcpp/rclcpp.hpp:146[m[K,
[2.358s]                  from [01m[K/home/sz/ros2_ws/src/my_cpp_pkg/src/my_first_node.cpp:2[m[K:
[2.359s] [01m[K/usr/include/c++/9/bits/ostream.tcc:321:5:[m[K [01;36m[Knote: [m[Kcandidate: ‘[01m[Ktemplate<class _CharT, class _Traits> std::basic_ostream<_CharT, _Traits>& std::operator<<(std::basic_ostream<_CharT, _Traits>&, const char*)[m[K’
[2.359s]   321 |     [01;36m[Koperator[m[K<<(basic_ostream<_CharT, _Traits>& __out, const char* __s)
[2.359s]       |     [01;36m[K^~~~~~~~[m[K
[2.359s] [01m[K/usr/include/c++/9/bits/ostream.tcc:321:5:[m[K [01;36m[Knote: [m[K  template argument deduction/substitution failed:
[2.359s] [01m[K/home/sz/ros2_ws/src/my_cpp_pkg/src/my_first_node.cpp:20:83:[m[K [01;36m[Knote: [m[K  cannot convert ‘[01m[Kstd_bind_func.std::_Bind<void (MyNode::*(MyNode*))()>::operator()<MyNode*>(((MyNode*)this))[m[K’ (type ‘[01m[Kvoid[m[K’) to type ‘[01m[Kconst char*[m[K’
[2.359s]    20 |         std::cout << "std::bind(&MyNode::timer_callback, this)= " << [01;36m[Kstd_bind_func(this)[m[K '\n';
[2.359s]       |                                                                      [01;36m[K~~~~~~~~~~~~~^~~~~~[m[K
[2.359s] In file included from [01m[K/usr/include/c++/9/iostream:39[m[K,
[2.359s]                  from [01m[K/opt/ros/foxy/include/rclcpp/executor.hpp:22[m[K,
[2.359s]                  from [01m[K/opt/ros/foxy/include/rclcpp/executors/multi_threaded_executor.hpp:25[m[K,
[2.360s]                  from [01m[K/opt/ros/foxy/include/rclcpp/executors.hpp:21[m[K,
[2.360s]                  from [01m[K/opt/ros/foxy/include/rclcpp/rclcpp.hpp:146[m[K,
[2.360s]                  from [01m[K/home/sz/ros2_ws/src/my_cpp_pkg/src/my_first_node.cpp:2[m[K:
[2.360s] [01m[K/usr/include/c++/9/ostream:565:5:[m[K [01;36m[Knote: [m[Kcandidate: ‘[01m[Ktemplate<class _Traits> std::basic_ostream<char, _Traits>& std::operator<<(std::basic_ostream<char, _Traits>&, const char*)[m[K’
[2.360s]   565 |     [01;36m[Koperator[m[K<<(basic_ostream<char, _Traits>& __out, const char* __s)
[2.360s]       |     [01;36m[K^~~~~~~~[m[K
[2.360s] [01m[K/usr/include/c++/9/ostream:565:5:[m[K [01;36m[Knote: [m[K  template argument deduction/substitution failed:
[2.360s] [01m[K/home/sz/ros2_ws/src/my_cpp_pkg/src/my_first_node.cpp:20:83:[m[K [01;36m[Knote: [m[K  cannot convert ‘[01m[Kstd_bind_func.std::_Bind<void (MyNode::*(MyNode*))()>::operator()<MyNode*>(((MyNode*)this))[m[K’ (type ‘[01m[Kvoid[m[K’) to type ‘[01m[Kconst char*[m[K’
[2.360s]    20 |         std::cout << "std::bind(&MyNode::timer_callback, this)= " << [01;36m[Kstd_bind_func(this)[m[K '\n';
[2.360s]       |                                                                      [01;36m[K~~~~~~~~~~~~~^~~~~~[m[K
[2.360s] In file included from [01m[K/usr/include/c++/9/iostream:39[m[K,
[2.360s]                  from [01m[K/opt/ros/foxy/include/rclcpp/executor.hpp:22[m[K,
[2.360s]                  from [01m[K/opt/ros/foxy/include/rclcpp/executors/multi_threaded_executor.hpp:25[m[K,
[2.360s]                  from [01m[K/opt/ros/foxy/include/rclcpp/executors.hpp:21[m[K,
[2.361s]                  from [01m[K/opt/ros/foxy/include/rclcpp/rclcpp.hpp:146[m[K,
[2.361s]                  from [01m[K/home/sz/ros2_ws/src/my_cpp_pkg/src/my_first_node.cpp:2[m[K:
[2.361s] [01m[K/usr/include/c++/9/ostream:578:5:[m[K [01;36m[Knote: [m[Kcandidate: ‘[01m[Ktemplate<class _Traits> std::basic_ostream<char, _Traits>& std::operator<<(std::basic_ostream<char, _Traits>&, const signed char*)[m[K’
[2.361s]   578 |     [01;36m[Koperator[m[K<<(basic_ostream<char, _Traits>& __out, const signed char* __s)
[2.361s]       |     [01;36m[K^~~~~~~~[m[K
[2.361s] [01m[K/usr/include/c++/9/ostream:578:5:[m[K [01;36m[Knote: [m[K  template argument deduction/substitution failed:
[2.361s] [01m[K/home/sz/ros2_ws/src/my_cpp_pkg/src/my_first_node.cpp:20:83:[m[K [01;36m[Knote: [m[K  cannot convert ‘[01m[Kstd_bind_func.std::_Bind<void (MyNode::*(MyNode*))()>::operator()<MyNode*>(((MyNode*)this))[m[K’ (type ‘[01m[Kvoid[m[K’) to type ‘[01m[Kconst signed char*[m[K’
[2.361s]    20 |         std::cout << "std::bind(&MyNode::timer_callback, this)= " << [01;36m[Kstd_bind_func(this)[m[K '\n';
[2.361s]       |                                                                      [01;36m[K~~~~~~~~~~~~~^~~~~~[m[K
[2.361s] In file included from [01m[K/usr/include/c++/9/iostream:39[m[K,
[2.361s]                  from [01m[K/opt/ros/foxy/include/rclcpp/executor.hpp:22[m[K,
[2.361s]                  from [01m[K/opt/ros/foxy/include/rclcpp/executors/multi_threaded_executor.hpp:25[m[K,
[2.362s]                  from [01m[K/opt/ros/foxy/include/rclcpp/executors.hpp:21[m[K,
[2.362s]                  from [01m[K/opt/ros/foxy/include/rclcpp/rclcpp.hpp:146[m[K,
[2.362s]                  from [01m[K/home/sz/ros2_ws/src/my_cpp_pkg/src/my_first_node.cpp:2[m[K:
[2.362s] [01m[K/usr/include/c++/9/ostream:583:5:[m[K [01;36m[Knote: [m[Kcandidate: ‘[01m[Ktemplate<class _Traits> std::basic_ostream<char, _Traits>& std::operator<<(std::basic_ostream<char, _Traits>&, const unsigned char*)[m[K’
[2.362s]   583 |     [01;36m[Koperator[m[K<<(basic_ostream<char, _Traits>& __out, const unsigned char* __s)
[2.362s]       |     [01;36m[K^~~~~~~~[m[K
[2.362s] [01m[K/usr/include/c++/9/ostream:583:5:[m[K [01;36m[Knote: [m[K  template argument deduction/substitution failed:
[2.362s] [01m[K/home/sz/ros2_ws/src/my_cpp_pkg/src/my_first_node.cpp:20:83:[m[K [01;36m[Knote: [m[K  cannot convert ‘[01m[Kstd_bind_func.std::_Bind<void (MyNode::*(MyNode*))()>::operator()<MyNode*>(((MyNode*)this))[m[K’ (type ‘[01m[Kvoid[m[K’) to type ‘[01m[Kconst unsigned char*[m[K’
[2.362s]    20 |         std::cout << "std::bind(&MyNode::timer_callback, this)= " << [01;36m[Kstd_bind_func(this)[m[K '\n';
[2.362s]       |                                                                      [01;36m[K~~~~~~~~~~~~~^~~~~~[m[K
[2.362s] In file included from [01m[K/usr/include/c++/9/iostream:39[m[K,
[2.363s]                  from [01m[K/opt/ros/foxy/include/rclcpp/executor.hpp:22[m[K,
[2.363s]                  from [01m[K/opt/ros/foxy/include/rclcpp/executors/multi_threaded_executor.hpp:25[m[K,
[2.363s]                  from [01m[K/opt/ros/foxy/include/rclcpp/executors.hpp:21[m[K,
[2.363s]                  from [01m[K/opt/ros/foxy/include/rclcpp/rclcpp.hpp:146[m[K,
[2.364s]                  from [01m[K/home/sz/ros2_ws/src/my_cpp_pkg/src/my_first_node.cpp:2[m[K:
[2.364s] [01m[K/usr/include/c++/9/ostream:691:5:[m[K [01;36m[Knote: [m[Kcandidate: ‘[01m[Ktemplate<class _Ostream, class _Tp> typename std::enable_if<std::__and_<std::__not_<std::is_lvalue_reference<_Tp> >, std::__is_convertible_to_basic_ostream<_Ostream>, std::__is_insertable<typename std::__is_convertible_to_basic_ostream<_Tp>::__ostream_type, const _Tp&, void> >::value, typename std::__is_convertible_to_basic_ostream<_Tp>::__ostream_type>::type std::operator<<(_Ostream&&, const _Tp&)[m[K’
[2.364s]   691 |     [01;36m[Koperator[m[K<<(_Ostream&& __os, const _Tp& __x)
[2.365s]       |     [01;36m[K^~~~~~~~[m[K
[2.365s] [01m[K/usr/include/c++/9/ostream:691:5:[m[K [01;36m[Knote: [m[K  template argument deduction/substitution failed:
[2.365s] /usr/include/c++/9/ostream: In substitution of ‘[01m[Ktemplate<class _Ostream, class _Tp> typename std::enable_if<std::__and_<std::__not_<std::is_lvalue_reference<_Tp> >, std::__is_convertible_to_basic_ostream<_Ostream>, std::__is_insertable<typename std::__is_convertible_to_basic_ostream<_Tp>::__ostream_type, const _Tp&, void> >::value, typename std::__is_convertible_to_basic_ostream<_Tp>::__ostream_type>::type std::operator<<(_Ostream&&, const _Tp&) [with _Ostream = std::basic_ostream<char>&; _Tp = void][m[K’:
[2.365s] [01m[K/home/sz/ros2_ws/src/my_cpp_pkg/src/my_first_node.cpp:20:88:[m[K   required from here
[2.365s] [01m[K/usr/include/c++/9/ostream:691:5:[m[K [01;31m[Kerror: [m[Kforming reference to void
[3.008s] make[2]: *** [CMakeFiles/cpp_node.dir/build.make:63: CMakeFiles/cpp_node.dir/src/my_first_node.cpp.o] Error 1
[3.008s] make[1]: *** [CMakeFiles/Makefile2:78: CMakeFiles/cpp_node.dir/all] Error 2
[3.009s] make: *** [Makefile:141: all] Error 2
[3.011s] Invoked command in '/home/sz/ros2_ws/build/my_cpp_pkg' returned '2': CMAKE_PREFIX_PATH=${CMAKE_PREFIX_PATH}:/home/sz/ros2_ws/install/my_py_pkg:/opt/ros/foxy /usr/bin/cmake --build /home/sz/ros2_ws/build/my_cpp_pkg -- -j2 -l2
