[0.465s] Invoking command in '/home/sz/ros2_ws/build/my_py_pkg': PYTHONPATH=/home/sz/ros2_ws/install/my_py_pkg/lib/python3.8/site-packages:${PYTHONPATH} /usr/bin/python3 setup.py develop --prefix /home/sz/ros2_ws/install/my_py_pkg --uninstall --editable --build-directory /home/sz/ros2_ws/build/my_py_pkg/build
[0.781s] running develop
[0.941s] Removing /home/sz/ros2_ws/install/my_py_pkg/lib/python3.8/site-packages/my-py-pkg.egg-link (link to .)
[0.974s] Invoked command in '/home/sz/ros2_ws/build/my_py_pkg' returned '0': PYTHONPATH=/home/sz/ros2_ws/install/my_py_pkg/lib/python3.8/site-packages:${PYTHONPATH} /usr/bin/python3 setup.py develop --prefix /home/sz/ros2_ws/install/my_py_pkg --uninstall --editable --build-directory /home/sz/ros2_ws/build/my_py_pkg/build
[0.975s] Invoking command in '/home/sz/ros2_ws/src/my_py_pkg': PYTHONPATH=/home/sz/ros2_ws/install/my_py_pkg/lib/python3.8/site-packages:${PYTHONPATH} /usr/bin/python3 setup.py egg_info --egg-base ../../build/my_py_pkg build --build-base /home/sz/ros2_ws/build/my_py_pkg/build install --prefix /home/sz/ros2_ws/install/my_py_pkg --record /home/sz/ros2_ws/build/my_py_pkg/install.log --single-version-externally-managed
[1.236s] running egg_info
[1.237s] writing ../../build/my_py_pkg/my_py_pkg.egg-info/PKG-INFO
[1.238s] writing dependency_links to ../../build/my_py_pkg/my_py_pkg.egg-info/dependency_links.txt
[1.238s] writing entry points to ../../build/my_py_pkg/my_py_pkg.egg-info/entry_points.txt
[1.238s] writing requirements to ../../build/my_py_pkg/my_py_pkg.egg-info/requires.txt
[1.239s] writing top-level names to ../../build/my_py_pkg/my_py_pkg.egg-info/top_level.txt
[1.285s] reading manifest file '../../build/my_py_pkg/my_py_pkg.egg-info/SOURCES.txt'
[1.287s] writing manifest file '../../build/my_py_pkg/my_py_pkg.egg-info/SOURCES.txt'
[1.288s] running build
[1.288s] running build_py
[1.288s] copying my_py_pkg/OOP_Template.py -> /home/sz/ros2_ws/build/my_py_pkg/build/lib/my_py_pkg
[1.289s] copying my_py_pkg/robot_news_station.py -> /home/sz/ros2_ws/build/my_py_pkg/build/lib/my_py_pkg
[1.289s] copying my_py_pkg/my_first_node.py -> /home/sz/ros2_ws/build/my_py_pkg/build/lib/my_py_pkg
[1.290s] running install
[1.291s] running install_lib
[1.292s] creating /home/sz/ros2_ws/install/my_py_pkg/lib/python3.8/site-packages/my_py_pkg
[1.293s] copying /home/sz/ros2_ws/build/my_py_pkg/build/lib/my_py_pkg/OOP_Template.py -> /home/sz/ros2_ws/install/my_py_pkg/lib/python3.8/site-packages/my_py_pkg
[1.293s] copying /home/sz/ros2_ws/build/my_py_pkg/build/lib/my_py_pkg/robot_news_station.py -> /home/sz/ros2_ws/install/my_py_pkg/lib/python3.8/site-packages/my_py_pkg
[1.293s] copying /home/sz/ros2_ws/build/my_py_pkg/build/lib/my_py_pkg/my_first_node.py -> /home/sz/ros2_ws/install/my_py_pkg/lib/python3.8/site-packages/my_py_pkg
[1.294s] copying /home/sz/ros2_ws/build/my_py_pkg/build/lib/my_py_pkg/__init__.py -> /home/sz/ros2_ws/install/my_py_pkg/lib/python3.8/site-packages/my_py_pkg
[1.294s] byte-compiling /home/sz/ros2_ws/install/my_py_pkg/lib/python3.8/site-packages/my_py_pkg/OOP_Template.py to OOP_Template.cpython-38.pyc
[1.296s] byte-compiling /home/sz/ros2_ws/install/my_py_pkg/lib/python3.8/site-packages/my_py_pkg/robot_news_station.py to robot_news_station.cpython-38.pyc
[1.296s] byte-compiling /home/sz/ros2_ws/install/my_py_pkg/lib/python3.8/site-packages/my_py_pkg/my_first_node.py to my_first_node.cpython-38.pyc
[1.297s] byte-compiling /home/sz/ros2_ws/install/my_py_pkg/lib/python3.8/site-packages/my_py_pkg/__init__.py to __init__.cpython-38.pyc
[1.297s] running install_data
[1.298s] running install_egg_info
[1.300s] Copying ../../build/my_py_pkg/my_py_pkg.egg-info to /home/sz/ros2_ws/install/my_py_pkg/lib/python3.8/site-packages/my_py_pkg-0.0.0-py3.8.egg-info
[1.302s] running install_scripts
[1.326s] Installing py_node = my_py_pkg.my_first_node:mainrobot_news_station script to /home/sz/ros2_ws/install/my_py_pkg/lib/my_py_pkg
[1.327s] writing list of installed files to '/home/sz/ros2_ws/build/my_py_pkg/install.log'
[1.364s] Invoked command in '/home/sz/ros2_ws/src/my_py_pkg' returned '0': PYTHONPATH=/home/sz/ros2_ws/install/my_py_pkg/lib/python3.8/site-packages:${PYTHONPATH} /usr/bin/python3 setup.py egg_info --egg-base ../../build/my_py_pkg build --build-base /home/sz/ros2_ws/build/my_py_pkg/build install --prefix /home/sz/ros2_ws/install/my_py_pkg --record /home/sz/ros2_ws/build/my_py_pkg/install.log --single-version-externally-managed
