[0.615s] Invoking command in '/home/sz/ros2_ws/build/my_py_pkg': PYTHONPATH=/home/sz/ros2_ws/install/my_py_pkg/lib/python3.8/site-packages:${PYTHONPATH} /usr/bin/python3 setup.py develop --prefix /home/sz/ros2_ws/install/my_py_pkg --uninstall --editable --build-directory /home/sz/ros2_ws/build/my_py_pkg/build
[1.068s] running develop
[1.308s] Removing /home/sz/ros2_ws/install/my_py_pkg/lib/python3.8/site-packages/my-py-pkg.egg-link (link to .)
[1.362s] Invoked command in '/home/sz/ros2_ws/build/my_py_pkg' returned '0': PYTHONPATH=/home/sz/ros2_ws/install/my_py_pkg/lib/python3.8/site-packages:${PYTHONPATH} /usr/bin/python3 setup.py develop --prefix /home/sz/ros2_ws/install/my_py_pkg --uninstall --editable --build-directory /home/sz/ros2_ws/build/my_py_pkg/build
[1.363s] Invoking command in '/home/sz/ros2_ws/src/my_py_pkg': PYTHONPATH=/home/sz/ros2_ws/install/my_py_pkg/lib/python3.8/site-packages:${PYTHONPATH} /usr/bin/python3 setup.py egg_info --egg-base ../../build/my_py_pkg build --build-base /home/sz/ros2_ws/build/my_py_pkg/build install --prefix /home/sz/ros2_ws/install/my_py_pkg --record /home/sz/ros2_ws/build/my_py_pkg/install.log --single-version-externally-managed
[1.762s] running egg_info
[1.763s] writing ../../build/my_py_pkg/my_py_pkg.egg-info/PKG-INFO
[1.764s] writing dependency_links to ../../build/my_py_pkg/my_py_pkg.egg-info/dependency_links.txt
[1.764s] writing entry points to ../../build/my_py_pkg/my_py_pkg.egg-info/entry_points.txt
[1.765s] writing requirements to ../../build/my_py_pkg/my_py_pkg.egg-info/requires.txt
[1.765s] writing top-level names to ../../build/my_py_pkg/my_py_pkg.egg-info/top_level.txt
[1.847s] reading manifest file '../../build/my_py_pkg/my_py_pkg.egg-info/SOURCES.txt'
[1.851s] writing manifest file '../../build/my_py_pkg/my_py_pkg.egg-info/SOURCES.txt'
[1.851s] running build
[1.851s] running build_py
[1.851s] copying my_py_pkg/smartphone.py -> /home/sz/ros2_ws/build/my_py_pkg/build/lib/my_py_pkg
[1.852s] copying my_py_pkg/robot_news_station.py -> /home/sz/ros2_ws/build/my_py_pkg/build/lib/my_py_pkg
[1.852s] copying my_py_pkg/my_first_node.py -> /home/sz/ros2_ws/build/my_py_pkg/build/lib/my_py_pkg
[1.852s] running install
[1.854s] running install_lib
[1.857s] creating /home/sz/ros2_ws/install/my_py_pkg/lib/python3.8/site-packages/my_py_pkg
[1.857s] copying /home/sz/ros2_ws/build/my_py_pkg/build/lib/my_py_pkg/OOP_Template.py -> /home/sz/ros2_ws/install/my_py_pkg/lib/python3.8/site-packages/my_py_pkg
[1.858s] copying /home/sz/ros2_ws/build/my_py_pkg/build/lib/my_py_pkg/smartphone.py -> /home/sz/ros2_ws/install/my_py_pkg/lib/python3.8/site-packages/my_py_pkg
[1.858s] copying /home/sz/ros2_ws/build/my_py_pkg/build/lib/my_py_pkg/robot_news_station.py -> /home/sz/ros2_ws/install/my_py_pkg/lib/python3.8/site-packages/my_py_pkg
[1.858s] copying /home/sz/ros2_ws/build/my_py_pkg/build/lib/my_py_pkg/my_first_node.py -> /home/sz/ros2_ws/install/my_py_pkg/lib/python3.8/site-packages/my_py_pkg
[1.858s] copying /home/sz/ros2_ws/build/my_py_pkg/build/lib/my_py_pkg/__init__.py -> /home/sz/ros2_ws/install/my_py_pkg/lib/python3.8/site-packages/my_py_pkg
[1.859s] byte-compiling /home/sz/ros2_ws/install/my_py_pkg/lib/python3.8/site-packages/my_py_pkg/OOP_Template.py to OOP_Template.cpython-38.pyc
[1.862s] byte-compiling /home/sz/ros2_ws/install/my_py_pkg/lib/python3.8/site-packages/my_py_pkg/smartphone.py to smartphone.cpython-38.pyc
[1.863s] byte-compiling /home/sz/ros2_ws/install/my_py_pkg/lib/python3.8/site-packages/my_py_pkg/robot_news_station.py to robot_news_station.cpython-38.pyc
[1.863s] byte-compiling /home/sz/ros2_ws/install/my_py_pkg/lib/python3.8/site-packages/my_py_pkg/my_first_node.py to my_first_node.cpython-38.pyc
[1.864s] byte-compiling /home/sz/ros2_ws/install/my_py_pkg/lib/python3.8/site-packages/my_py_pkg/__init__.py to __init__.cpython-38.pyc
[1.864s] running install_data
[1.866s] running install_egg_info
[1.870s] Copying ../../build/my_py_pkg/my_py_pkg.egg-info to /home/sz/ros2_ws/install/my_py_pkg/lib/python3.8/site-packages/my_py_pkg-0.0.0-py3.8.egg-info
[1.872s] running install_scripts
[1.912s] Installing py_node script to /home/sz/ros2_ws/install/my_py_pkg/lib/my_py_pkg
[1.914s] Installing robot_news_station script to /home/sz/ros2_ws/install/my_py_pkg/lib/my_py_pkg
[1.914s] Installing smartphone script to /home/sz/ros2_ws/install/my_py_pkg/lib/my_py_pkg
[1.918s] writing list of installed files to '/home/sz/ros2_ws/build/my_py_pkg/install.log'
[1.970s] Invoked command in '/home/sz/ros2_ws/src/my_py_pkg' returned '0': PYTHONPATH=/home/sz/ros2_ws/install/my_py_pkg/lib/python3.8/site-packages:${PYTHONPATH} /usr/bin/python3 setup.py egg_info --egg-base ../../build/my_py_pkg build --build-base /home/sz/ros2_ws/build/my_py_pkg/build install --prefix /home/sz/ros2_ws/install/my_py_pkg --record /home/sz/ros2_ws/build/my_py_pkg/install.log --single-version-externally-managed
