[0.021s] Invoking command in '/home/sz/ros2_ws/build/my_cpp_pkg': CMAKE_PREFIX_PATH=${CMAKE_PREFIX_PATH}:/home/sz/ros2_ws/install/my_py_pkg:/opt/ros/foxy /usr/bin/cmake --build /home/sz/ros2_ws/build/my_cpp_pkg -- -j2 -l2
[0.066s] -- Found ament_cmake: 0.9.8 (/opt/ros/foxy/share/ament_cmake/cmake)
[0.098s] -- Using PYTHON_EXECUTABLE: /usr/bin/python3
[0.344s] -- Found rclcpp: 2.3.0 (/opt/ros/foxy/share/rclcpp/cmake)
[0.387s] -- Using all available rosidl_typesupport_c: rosidl_typesupport_fastrtps_c;rosidl_typesupport_introspection_c
[0.391s] -- Found rosidl_adapter: 1.2.0 (/opt/ros/foxy/share/rosidl_adapter/cmake)
[0.545s] -- Using all available rosidl_typesupport_cpp: rosidl_typesupport_fastrtps_cpp;rosidl_typesupport_introspection_cpp
[0.606s] -- Found rmw_implementation_cmake: 1.0.2 (/opt/ros/foxy/share/rmw_implementation_cmake/cmake)
[0.608s] -- Using RMW implementation 'rmw_fastrtps_cpp' as default
[0.876s] -- Configuring done
[0.894s] -- Generating done
[0.897s] -- Build files have been written to: /home/sz/ros2_ws/build/my_cpp_pkg
[0.932s] [35m[1mScanning dependencies of target cpp_node[0m
[0.985s] [ 50%] [32mBuilding CXX object CMakeFiles/cpp_node.dir/src/my_first_node.cpp.o[0m
[3.810s] [100%] [32m[1mLinking CXX executable cpp_node[0m
[4.065s] [100%] Built target cpp_node
[4.086s] Invoked command in '/home/sz/ros2_ws/build/my_cpp_pkg' returned '0': CMAKE_PREFIX_PATH=${CMAKE_PREFIX_PATH}:/home/sz/ros2_ws/install/my_py_pkg:/opt/ros/foxy /usr/bin/cmake --build /home/sz/ros2_ws/build/my_cpp_pkg -- -j2 -l2
[4.146s] Invoking command in '/home/sz/ros2_ws/build/my_cpp_pkg': CMAKE_PREFIX_PATH=${CMAKE_PREFIX_PATH}:/home/sz/ros2_ws/install/my_py_pkg:/opt/ros/foxy /usr/bin/cmake --install /home/sz/ros2_ws/build/my_cpp_pkg
[4.160s] -- Install configuration: ""
[4.160s] -- Installing: /home/sz/ros2_ws/install/my_cpp_pkg/lib/my_cpp_pkg/cpp_node
[4.161s] -- Set runtime path of "/home/sz/ros2_ws/install/my_cpp_pkg/lib/my_cpp_pkg/cpp_node" to ""
[4.162s] -- Up-to-date: /home/sz/ros2_ws/install/my_cpp_pkg/share/ament_index/resource_index/package_run_dependencies/my_cpp_pkg
[4.162s] -- Installing: /home/sz/ros2_ws/install/my_cpp_pkg/share/ament_index/resource_index/parent_prefix_path/my_cpp_pkg
[4.163s] -- Up-to-date: /home/sz/ros2_ws/install/my_cpp_pkg/share/my_cpp_pkg/environment/ament_prefix_path.sh
[4.163s] -- Installing: /home/sz/ros2_ws/install/my_cpp_pkg/share/my_cpp_pkg/environment/ament_prefix_path.dsv
[4.163s] -- Up-to-date: /home/sz/ros2_ws/install/my_cpp_pkg/share/my_cpp_pkg/environment/path.sh
[4.163s] -- Installing: /home/sz/ros2_ws/install/my_cpp_pkg/share/my_cpp_pkg/environment/path.dsv
[4.164s] -- Up-to-date: /home/sz/ros2_ws/install/my_cpp_pkg/share/my_cpp_pkg/local_setup.bash
[4.164s] -- Up-to-date: /home/sz/ros2_ws/install/my_cpp_pkg/share/my_cpp_pkg/local_setup.sh
[4.164s] -- Up-to-date: /home/sz/ros2_ws/install/my_cpp_pkg/share/my_cpp_pkg/local_setup.zsh
[4.165s] -- Installing: /home/sz/ros2_ws/install/my_cpp_pkg/share/my_cpp_pkg/local_setup.dsv
[4.165s] -- Installing: /home/sz/ros2_ws/install/my_cpp_pkg/share/my_cpp_pkg/package.dsv
[4.166s] -- Up-to-date: /home/sz/ros2_ws/install/my_cpp_pkg/share/ament_index/resource_index/packages/my_cpp_pkg
[4.166s] -- Up-to-date: /home/sz/ros2_ws/install/my_cpp_pkg/share/my_cpp_pkg/cmake/my_cpp_pkgConfig.cmake
[4.166s] -- Up-to-date: /home/sz/ros2_ws/install/my_cpp_pkg/share/my_cpp_pkg/cmake/my_cpp_pkgConfig-version.cmake
[4.166s] -- Up-to-date: /home/sz/ros2_ws/install/my_cpp_pkg/share/my_cpp_pkg/package.xml
[4.172s] Invoked command in '/home/sz/ros2_ws/build/my_cpp_pkg' returned '0': CMAKE_PREFIX_PATH=${CMAKE_PREFIX_PATH}:/home/sz/ros2_ws/install/my_py_pkg:/opt/ros/foxy /usr/bin/cmake --install /home/sz/ros2_ws/build/my_cpp_pkg
