[0.332s] DEBUG:colcon:Command line arguments: ['/usr/bin/colcon', 'build', '--packages-select', 'my_cpp_pkg']
[0.332s] DEBUG:colcon:Parsed command line arguments: Namespace(ament_cmake_args=None, base_paths=['.'], build_base='build', catkin_cmake_args=None, catkin_skip_building_tests=False, cmake_args=None, cmake_clean_cache=False, cmake_clean_first=False, cmake_force_configure=False, cmake_target=None, cmake_target_skip_unavailable=False, continue_on_error=False, event_handlers=None, executor='parallel', ignore_user_meta=False, install_base='install', log_base=None, log_level=None, main=<bound method BuildVerb.main of <colcon_core.verb.build.BuildVerb object at 0x7f12a226c730>>, merge_install=False, metas=['./colcon.meta'], packages_above=None, packages_above_and_dependencies=None, packages_above_depth=None, packages_end=None, packages_ignore=None, packages_ignore_regex=None, packages_select=['my_cpp_pkg'], packages_select_build_failed=False, packages_select_by_dep=None, packages_select_regex=None, packages_select_test_failures=False, packages_skip=None, packages_skip_build_finished=False, packages_skip_by_dep=None, packages_skip_regex=None, packages_skip_test_passed=False, packages_skip_up_to=None, packages_start=None, packages_up_to=None, packages_up_to_regex=None, parallel_workers=2, paths=None, symlink_install=False, test_result_base=None, verb_extension=<colcon_core.verb.build.BuildVerb object at 0x7f12a226c730>, verb_name='build', verb_parser=<colcon_defaults.argument_parser.defaults.DefaultArgumentsDecorator object at 0x7f12a226cc70>)
[0.338s] Level 1:colcon.colcon_core.package_discovery:discover_packages(colcon_meta) check parameters
[0.338s] Level 1:colcon.colcon_core.package_discovery:discover_packages(recursive) check parameters
[0.338s] Level 1:colcon.colcon_core.package_discovery:discover_packages(ignore) check parameters
[0.338s] Level 1:colcon.colcon_core.package_discovery:discover_packages(path) check parameters
[0.338s] Level 1:colcon.colcon_core.package_discovery:discover_packages(colcon_meta) discover
[0.338s] Level 1:colcon.colcon_core.package_discovery:discover_packages(recursive) discover
[0.338s] INFO:colcon.colcon_core.package_discovery:Crawling recursively for packages in '/home/sz/ros2_ws'
[0.338s] Level 1:colcon.colcon_core.package_identification:_identify(.) by extensions ['ignore', 'ignore_ament_install']
[0.338s] Level 1:colcon.colcon_core.package_identification:_identify(.) by extension 'ignore'
[0.338s] Level 1:colcon.colcon_core.package_identification:_identify(.) by extension 'ignore_ament_install'
[0.338s] Level 1:colcon.colcon_core.package_identification:_identify(.) by extensions ['colcon_pkg']
[0.338s] Level 1:colcon.colcon_core.package_identification:_identify(.) by extension 'colcon_pkg'
[0.339s] Level 1:colcon.colcon_core.package_identification:_identify(.) by extensions ['colcon_meta']
[0.339s] Level 1:colcon.colcon_core.package_identification:_identify(.) by extension 'colcon_meta'
[0.339s] Level 1:colcon.colcon_core.package_identification:_identify(.) by extensions ['ros']
[0.339s] Level 1:colcon.colcon_core.package_identification:_identify(.) by extension 'ros'
[0.353s] Level 1:colcon.colcon_core.package_identification:_identify(.) by extensions ['cmake', 'python']
[0.353s] Level 1:colcon.colcon_core.package_identification:_identify(.) by extension 'cmake'
[0.353s] Level 1:colcon.colcon_core.package_identification:_identify(.) by extension 'python'
[0.353s] Level 1:colcon.colcon_core.package_identification:_identify(.) by extensions ['python_setup_py']
[0.353s] Level 1:colcon.colcon_core.package_identification:_identify(.) by extension 'python_setup_py'
[0.353s] Level 1:colcon.colcon_core.package_identification:_identify(build) by extensions ['ignore', 'ignore_ament_install']
[0.354s] Level 1:colcon.colcon_core.package_identification:_identify(build) by extension 'ignore'
[0.354s] Level 1:colcon.colcon_core.package_identification:_identify(build) ignored
[0.354s] Level 1:colcon.colcon_core.package_identification:_identify(install) by extensions ['ignore', 'ignore_ament_install']
[0.354s] Level 1:colcon.colcon_core.package_identification:_identify(install) by extension 'ignore'
[0.354s] Level 1:colcon.colcon_core.package_identification:_identify(install) ignored
[0.354s] Level 1:colcon.colcon_core.package_identification:_identify(log) by extensions ['ignore', 'ignore_ament_install']
[0.354s] Level 1:colcon.colcon_core.package_identification:_identify(log) by extension 'ignore'
[0.354s] Level 1:colcon.colcon_core.package_identification:_identify(log) ignored
[0.354s] Level 1:colcon.colcon_core.package_identification:_identify(src) by extensions ['ignore', 'ignore_ament_install']
[0.354s] Level 1:colcon.colcon_core.package_identification:_identify(src) by extension 'ignore'
[0.355s] Level 1:colcon.colcon_core.package_identification:_identify(src) by extension 'ignore_ament_install'
[0.355s] Level 1:colcon.colcon_core.package_identification:_identify(src) by extensions ['colcon_pkg']
[0.355s] Level 1:colcon.colcon_core.package_identification:_identify(src) by extension 'colcon_pkg'
[0.355s] Level 1:colcon.colcon_core.package_identification:_identify(src) by extensions ['colcon_meta']
[0.355s] Level 1:colcon.colcon_core.package_identification:_identify(src) by extension 'colcon_meta'
[0.355s] Level 1:colcon.colcon_core.package_identification:_identify(src) by extensions ['ros']
[0.355s] Level 1:colcon.colcon_core.package_identification:_identify(src) by extension 'ros'
[0.355s] Level 1:colcon.colcon_core.package_identification:_identify(src) by extensions ['cmake', 'python']
[0.355s] Level 1:colcon.colcon_core.package_identification:_identify(src) by extension 'cmake'
[0.355s] Level 1:colcon.colcon_core.package_identification:_identify(src) by extension 'python'
[0.355s] Level 1:colcon.colcon_core.package_identification:_identify(src) by extensions ['python_setup_py']
[0.355s] Level 1:colcon.colcon_core.package_identification:_identify(src) by extension 'python_setup_py'
[0.355s] Level 1:colcon.colcon_core.package_identification:_identify(src/my_cpp_pkg) by extensions ['ignore', 'ignore_ament_install']
[0.355s] Level 1:colcon.colcon_core.package_identification:_identify(src/my_cpp_pkg) by extension 'ignore'
[0.355s] Level 1:colcon.colcon_core.package_identification:_identify(src/my_cpp_pkg) by extension 'ignore_ament_install'
[0.355s] Level 1:colcon.colcon_core.package_identification:_identify(src/my_cpp_pkg) by extensions ['colcon_pkg']
[0.355s] Level 1:colcon.colcon_core.package_identification:_identify(src/my_cpp_pkg) by extension 'colcon_pkg'
[0.355s] Level 1:colcon.colcon_core.package_identification:_identify(src/my_cpp_pkg) by extensions ['colcon_meta']
[0.356s] Level 1:colcon.colcon_core.package_identification:_identify(src/my_cpp_pkg) by extension 'colcon_meta'
[0.356s] Level 1:colcon.colcon_core.package_identification:_identify(src/my_cpp_pkg) by extensions ['ros']
[0.356s] Level 1:colcon.colcon_core.package_identification:_identify(src/my_cpp_pkg) by extension 'ros'
[0.359s] DEBUG:colcon.colcon_core.package_identification:Package 'src/my_cpp_pkg' with type 'ros.ament_cmake' and name 'my_cpp_pkg'
[0.359s] Level 1:colcon.colcon_core.package_identification:_identify(src/my_py_pkg) by extensions ['ignore', 'ignore_ament_install']
[0.359s] Level 1:colcon.colcon_core.package_identification:_identify(src/my_py_pkg) by extension 'ignore'
[0.359s] Level 1:colcon.colcon_core.package_identification:_identify(src/my_py_pkg) by extension 'ignore_ament_install'
[0.359s] Level 1:colcon.colcon_core.package_identification:_identify(src/my_py_pkg) by extensions ['colcon_pkg']
[0.359s] Level 1:colcon.colcon_core.package_identification:_identify(src/my_py_pkg) by extension 'colcon_pkg'
[0.359s] Level 1:colcon.colcon_core.package_identification:_identify(src/my_py_pkg) by extensions ['colcon_meta']
[0.359s] Level 1:colcon.colcon_core.package_identification:_identify(src/my_py_pkg) by extension 'colcon_meta'
[0.359s] Level 1:colcon.colcon_core.package_identification:_identify(src/my_py_pkg) by extensions ['ros']
[0.359s] Level 1:colcon.colcon_core.package_identification:_identify(src/my_py_pkg) by extension 'ros'
[0.360s] DEBUG:colcon.colcon_core.package_identification:Package 'src/my_py_pkg' with type 'ros.ament_python' and name 'my_py_pkg'
[0.360s] Level 1:colcon.colcon_core.package_discovery:discover_packages(recursive) using defaults
[0.360s] Level 1:colcon.colcon_core.package_discovery:discover_packages(ignore) discover
[0.360s] Level 1:colcon.colcon_core.package_discovery:discover_packages(ignore) using defaults
[0.360s] Level 1:colcon.colcon_core.package_discovery:discover_packages(path) discover
[0.360s] Level 1:colcon.colcon_core.package_discovery:discover_packages(path) using defaults
[0.381s] INFO:colcon.colcon_core.package_selection:Skipping not selected package 'my_py_pkg' in 'src/my_py_pkg'
[0.384s] Level 5:colcon.colcon_core.verb:set package 'my_cpp_pkg' build argument 'cmake_args' from command line to 'None'
[0.384s] Level 5:colcon.colcon_core.verb:set package 'my_cpp_pkg' build argument 'cmake_target' from command line to 'None'
[0.384s] Level 5:colcon.colcon_core.verb:set package 'my_cpp_pkg' build argument 'cmake_target_skip_unavailable' from command line to 'False'
[0.384s] Level 5:colcon.colcon_core.verb:set package 'my_cpp_pkg' build argument 'cmake_clean_cache' from command line to 'False'
[0.384s] Level 5:colcon.colcon_core.verb:set package 'my_cpp_pkg' build argument 'cmake_clean_first' from command line to 'False'
[0.384s] Level 5:colcon.colcon_core.verb:set package 'my_cpp_pkg' build argument 'cmake_force_configure' from command line to 'False'
[0.384s] Level 5:colcon.colcon_core.verb:set package 'my_cpp_pkg' build argument 'ament_cmake_args' from command line to 'None'
[0.384s] Level 5:colcon.colcon_core.verb:set package 'my_cpp_pkg' build argument 'catkin_cmake_args' from command line to 'None'
[0.384s] Level 5:colcon.colcon_core.verb:set package 'my_cpp_pkg' build argument 'catkin_skip_building_tests' from command line to 'False'
[0.384s] DEBUG:colcon.colcon_core.verb:Building package 'my_cpp_pkg' with the following arguments: {'ament_cmake_args': None, 'build_base': '/home/sz/ros2_ws/build/my_cpp_pkg', 'catkin_cmake_args': None, 'catkin_skip_building_tests': False, 'cmake_args': None, 'cmake_clean_cache': False, 'cmake_clean_first': False, 'cmake_force_configure': False, 'cmake_target': None, 'cmake_target_skip_unavailable': False, 'install_base': '/home/sz/ros2_ws/install/my_cpp_pkg', 'merge_install': False, 'path': '/home/sz/ros2_ws/src/my_cpp_pkg', 'symlink_install': False, 'test_result_base': None}
[0.385s] INFO:colcon.colcon_core.executor:Executing jobs using 'parallel' executor
[0.387s] DEBUG:colcon.colcon_parallel_executor.executor.parallel:run_until_complete
[0.387s] INFO:colcon.colcon_ros.task.ament_cmake.build:Building ROS package in '/home/sz/ros2_ws/src/my_cpp_pkg' with build type 'ament_cmake'
[0.388s] INFO:colcon.colcon_cmake.task.cmake.build:Building CMake package in '/home/sz/ros2_ws/src/my_cpp_pkg'
[0.392s] INFO:colcon.colcon_core.plugin_system:Skipping extension 'colcon_core.shell.bat': Not used on non-Windows systems
[0.393s] INFO:colcon.colcon_core.shell:Skip shell extension 'powershell' for command environment: Not usable outside of PowerShell
[0.393s] DEBUG:colcon.colcon_core.shell:Skip shell extension 'dsv' for command environment
[0.396s] DEBUG:colcon.colcon_core.shell:Ignoring prefix path '/opt/ros/foxy'
[0.414s] DEBUG:colcon.colcon_core.event_handler.log_command:Invoking command in '/home/sz/ros2_ws/build/my_cpp_pkg': CMAKE_PREFIX_PATH=${CMAKE_PREFIX_PATH}:/home/sz/ros2_ws/install/my_py_pkg:/opt/ros/foxy /usr/bin/cmake --build /home/sz/ros2_ws/build/my_cpp_pkg -- -j2 -l2
[10.123s] DEBUG:colcon.colcon_core.event_handler.log_command:Invoked command in '/home/sz/ros2_ws/build/my_cpp_pkg' returned '0': CMAKE_PREFIX_PATH=${CMAKE_PREFIX_PATH}:/home/sz/ros2_ws/install/my_py_pkg:/opt/ros/foxy /usr/bin/cmake --build /home/sz/ros2_ws/build/my_cpp_pkg -- -j2 -l2
[10.196s] DEBUG:colcon.colcon_core.event_handler.log_command:Invoking command in '/home/sz/ros2_ws/build/my_cpp_pkg': CMAKE_PREFIX_PATH=${CMAKE_PREFIX_PATH}:/home/sz/ros2_ws/install/my_py_pkg:/opt/ros/foxy /usr/bin/cmake --install /home/sz/ros2_ws/build/my_cpp_pkg
[10.232s] Level 1:colcon.colcon_core.environment:create_environment_scripts_only(my_cpp_pkg)
[10.234s] DEBUG:colcon.colcon_core.event_handler.log_command:Invoked command in '/home/sz/ros2_ws/build/my_cpp_pkg' returned '0': CMAKE_PREFIX_PATH=${CMAKE_PREFIX_PATH}:/home/sz/ros2_ws/install/my_py_pkg:/opt/ros/foxy /usr/bin/cmake --install /home/sz/ros2_ws/build/my_cpp_pkg
[10.239s] Level 1:colcon.colcon_core.environment:checking '/home/sz/ros2_ws/install/my_cpp_pkg' for CMake module files
[10.240s] Level 1:colcon.colcon_core.environment:checking '/home/sz/ros2_ws/install/my_cpp_pkg' for CMake config files
[10.240s] Level 1:colcon.colcon_core.shell:create_environment_hook('my_cpp_pkg', 'cmake_prefix_path')
[10.241s] INFO:colcon.colcon_core.shell:Creating environment hook '/home/sz/ros2_ws/install/my_cpp_pkg/share/my_cpp_pkg/hook/cmake_prefix_path.ps1'
[10.243s] INFO:colcon.colcon_core.shell:Creating environment descriptor '/home/sz/ros2_ws/install/my_cpp_pkg/share/my_cpp_pkg/hook/cmake_prefix_path.dsv'
[10.246s] INFO:colcon.colcon_core.shell:Creating environment hook '/home/sz/ros2_ws/install/my_cpp_pkg/share/my_cpp_pkg/hook/cmake_prefix_path.sh'
[10.248s] Level 1:colcon.colcon_core.environment:checking '/home/sz/ros2_ws/install/my_cpp_pkg/lib'
[10.249s] Level 1:colcon.colcon_core.environment:checking '/home/sz/ros2_ws/install/my_cpp_pkg/bin'
[10.249s] Level 1:colcon.colcon_core.environment:checking '/home/sz/ros2_ws/install/my_cpp_pkg/lib/pkgconfig/my_cpp_pkg.pc'
[10.249s] Level 1:colcon.colcon_core.environment:checking '/home/sz/ros2_ws/install/my_cpp_pkg/lib/python3.8/site-packages'
[10.251s] INFO:colcon.colcon_core.shell:Creating package script '/home/sz/ros2_ws/install/my_cpp_pkg/share/my_cpp_pkg/package.ps1'
[10.253s] INFO:colcon.colcon_core.shell:Creating package descriptor '/home/sz/ros2_ws/install/my_cpp_pkg/share/my_cpp_pkg/package.dsv'
[10.254s] INFO:colcon.colcon_core.shell:Creating package script '/home/sz/ros2_ws/install/my_cpp_pkg/share/my_cpp_pkg/package.sh'
[10.255s] INFO:colcon.colcon_core.shell:Creating package script '/home/sz/ros2_ws/install/my_cpp_pkg/share/my_cpp_pkg/package.bash'
[10.257s] INFO:colcon.colcon_core.shell:Creating package script '/home/sz/ros2_ws/install/my_cpp_pkg/share/my_cpp_pkg/package.zsh'
[10.258s] Level 1:colcon.colcon_core.environment:create_file_with_runtime_dependencies(/home/sz/ros2_ws/install/my_cpp_pkg/share/colcon-core/packages/my_cpp_pkg)
[10.312s] Level 1:colcon.colcon_core.environment:create_environment_scripts_only(my_cpp_pkg)
[10.315s] Level 1:colcon.colcon_core.environment:checking '/home/sz/ros2_ws/install/my_cpp_pkg' for CMake module files
[10.319s] Level 1:colcon.colcon_core.environment:checking '/home/sz/ros2_ws/install/my_cpp_pkg' for CMake config files
[10.319s] Level 1:colcon.colcon_core.shell:create_environment_hook('my_cpp_pkg', 'cmake_prefix_path')
[10.321s] INFO:colcon.colcon_core.shell:Creating environment hook '/home/sz/ros2_ws/install/my_cpp_pkg/share/my_cpp_pkg/hook/cmake_prefix_path.ps1'
[10.322s] INFO:colcon.colcon_core.shell:Creating environment descriptor '/home/sz/ros2_ws/install/my_cpp_pkg/share/my_cpp_pkg/hook/cmake_prefix_path.dsv'
[10.323s] INFO:colcon.colcon_core.shell:Creating environment hook '/home/sz/ros2_ws/install/my_cpp_pkg/share/my_cpp_pkg/hook/cmake_prefix_path.sh'
[10.324s] Level 1:colcon.colcon_core.environment:checking '/home/sz/ros2_ws/install/my_cpp_pkg/lib'
[10.324s] Level 1:colcon.colcon_core.environment:checking '/home/sz/ros2_ws/install/my_cpp_pkg/bin'
[10.324s] Level 1:colcon.colcon_core.environment:checking '/home/sz/ros2_ws/install/my_cpp_pkg/lib/pkgconfig/my_cpp_pkg.pc'
[10.324s] Level 1:colcon.colcon_core.environment:checking '/home/sz/ros2_ws/install/my_cpp_pkg/lib/python3.8/site-packages'
[10.326s] INFO:colcon.colcon_core.shell:Creating package script '/home/sz/ros2_ws/install/my_cpp_pkg/share/my_cpp_pkg/package.ps1'
[10.328s] INFO:colcon.colcon_core.shell:Creating package descriptor '/home/sz/ros2_ws/install/my_cpp_pkg/share/my_cpp_pkg/package.dsv'
[10.329s] INFO:colcon.colcon_core.shell:Creating package script '/home/sz/ros2_ws/install/my_cpp_pkg/share/my_cpp_pkg/package.sh'
[10.330s] INFO:colcon.colcon_core.shell:Creating package script '/home/sz/ros2_ws/install/my_cpp_pkg/share/my_cpp_pkg/package.bash'
[10.331s] INFO:colcon.colcon_core.shell:Creating package script '/home/sz/ros2_ws/install/my_cpp_pkg/share/my_cpp_pkg/package.zsh'
[10.331s] Level 1:colcon.colcon_core.environment:create_file_with_runtime_dependencies(/home/sz/ros2_ws/install/my_cpp_pkg/share/colcon-core/packages/my_cpp_pkg)
[10.332s] DEBUG:colcon.colcon_parallel_executor.executor.parallel:closing loop
[10.333s] DEBUG:colcon.colcon_parallel_executor.executor.parallel:loop closed
[10.333s] DEBUG:colcon.colcon_parallel_executor.executor.parallel:run_until_complete finished with '0'
[10.333s] DEBUG:colcon.colcon_core.event_reactor:joining thread
[10.350s] INFO:colcon.colcon_core.plugin_system:Skipping extension 'colcon_notification.desktop_notification.terminal_notifier': Not used on non-Darwin systems
[10.350s] INFO:colcon.colcon_core.plugin_system:Skipping extension 'colcon_notification.desktop_notification.win32': Not used on non-Windows systems
[10.350s] INFO:colcon.colcon_notification.desktop_notification:Sending desktop notification using 'notify2'
[10.389s] DEBUG:colcon.colcon_core.event_reactor:joined thread
[10.390s] INFO:colcon.colcon_core.shell:Creating prefix script '/home/sz/ros2_ws/install/local_setup.ps1'
[10.394s] INFO:colcon.colcon_core.shell:Creating prefix util module '/home/sz/ros2_ws/install/_local_setup_util_ps1.py'
[10.397s] INFO:colcon.colcon_core.shell:Creating prefix chain script '/home/sz/ros2_ws/install/setup.ps1'
[10.406s] INFO:colcon.colcon_core.shell:Creating prefix script '/home/sz/ros2_ws/install/local_setup.sh'
[10.407s] INFO:colcon.colcon_core.shell:Creating prefix util module '/home/sz/ros2_ws/install/_local_setup_util_sh.py'
[10.409s] INFO:colcon.colcon_core.shell:Creating prefix chain script '/home/sz/ros2_ws/install/setup.sh'
[10.413s] INFO:colcon.colcon_core.shell:Creating prefix script '/home/sz/ros2_ws/install/local_setup.bash'
[10.414s] INFO:colcon.colcon_core.shell:Creating prefix chain script '/home/sz/ros2_ws/install/setup.bash'
[10.419s] INFO:colcon.colcon_core.shell:Creating prefix script '/home/sz/ros2_ws/install/local_setup.zsh'
[10.420s] INFO:colcon.colcon_core.shell:Creating prefix chain script '/home/sz/ros2_ws/install/setup.zsh'
