[0.023s] Invoking command in '/home/sz/ros2_ws/build/my_cpp_pkg': CMAKE_PREFIX_PATH=${CMAKE_PREFIX_PATH}:/home/sz/ros2_ws/install/my_py_pkg:/opt/ros/foxy /usr/bin/cmake --build /home/sz/ros2_ws/build/my_cpp_pkg -- -j2 -l2
[0.105s] [35m[1mScanning dependencies of target cpp_node[0m
[0.176s] [ 50%] [32mBuilding CXX object CMakeFiles/cpp_node.dir/src/my_first_node.cpp.o[0m
[4.032s] [100%] [32m[1mLinking CXX executable cpp_node[0m
[4.275s] [100%] Built target cpp_node
[4.298s] Invoked command in '/home/sz/ros2_ws/build/my_cpp_pkg' returned '0': CMAKE_PREFIX_PATH=${CMAKE_PREFIX_PATH}:/home/sz/ros2_ws/install/my_py_pkg:/opt/ros/foxy /usr/bin/cmake --build /home/sz/ros2_ws/build/my_cpp_pkg -- -j2 -l2
[4.362s] Invoking command in '/home/sz/ros2_ws/build/my_cpp_pkg': CMAKE_PREFIX_PATH=${CMAKE_PREFIX_PATH}:/home/sz/ros2_ws/install/my_py_pkg:/opt/ros/foxy /usr/bin/cmake --install /home/sz/ros2_ws/build/my_cpp_pkg
[4.379s] -- Install configuration: ""
[4.385s] -- Installing: /home/sz/ros2_ws/install/my_cpp_pkg/lib/my_cpp_pkg/cpp_node
[4.385s] -- Set runtime path of "/home/sz/ros2_ws/install/my_cpp_pkg/lib/my_cpp_pkg/cpp_node" to ""
[4.386s] -- Up-to-date: /home/sz/ros2_ws/install/my_cpp_pkg/share/ament_index/resource_index/package_run_dependencies/my_cpp_pkg
[4.386s] -- Up-to-date: /home/sz/ros2_ws/install/my_cpp_pkg/share/ament_index/resource_index/parent_prefix_path/my_cpp_pkg
[4.386s] -- Up-to-date: /home/sz/ros2_ws/install/my_cpp_pkg/share/my_cpp_pkg/environment/ament_prefix_path.sh
[4.387s] -- Up-to-date: /home/sz/ros2_ws/install/my_cpp_pkg/share/my_cpp_pkg/environment/ament_prefix_path.dsv
[4.387s] -- Up-to-date: /home/sz/ros2_ws/install/my_cpp_pkg/share/my_cpp_pkg/environment/path.sh
[4.388s] -- Up-to-date: /home/sz/ros2_ws/install/my_cpp_pkg/share/my_cpp_pkg/environment/path.dsv
[4.388s] -- Up-to-date: /home/sz/ros2_ws/install/my_cpp_pkg/share/my_cpp_pkg/local_setup.bash
[4.388s] -- Up-to-date: /home/sz/ros2_ws/install/my_cpp_pkg/share/my_cpp_pkg/local_setup.sh
[4.388s] -- Up-to-date: /home/sz/ros2_ws/install/my_cpp_pkg/share/my_cpp_pkg/local_setup.zsh
[4.389s] -- Up-to-date: /home/sz/ros2_ws/install/my_cpp_pkg/share/my_cpp_pkg/local_setup.dsv
[4.389s] -- Installing: /home/sz/ros2_ws/install/my_cpp_pkg/share/my_cpp_pkg/package.dsv
[4.389s] -- Up-to-date: /home/sz/ros2_ws/install/my_cpp_pkg/share/ament_index/resource_index/packages/my_cpp_pkg
[4.389s] -- Up-to-date: /home/sz/ros2_ws/install/my_cpp_pkg/share/my_cpp_pkg/cmake/my_cpp_pkgConfig.cmake
[4.389s] -- Up-to-date: /home/sz/ros2_ws/install/my_cpp_pkg/share/my_cpp_pkg/cmake/my_cpp_pkgConfig-version.cmake
[4.389s] -- Up-to-date: /home/sz/ros2_ws/install/my_cpp_pkg/share/my_cpp_pkg/package.xml
[4.392s] Invoked command in '/home/sz/ros2_ws/build/my_cpp_pkg' returned '0': CMAKE_PREFIX_PATH=${CMAKE_PREFIX_PATH}:/home/sz/ros2_ws/install/my_py_pkg:/opt/ros/foxy /usr/bin/cmake --install /home/sz/ros2_ws/build/my_cpp_pkg
