[0.410s] Invoking command in '/home/sz/ros2_ws/src/my_py_pkg': PYTHONPATH=/home/sz/ros2_ws/install/my_py_pkg/lib/python3.8/site-packages:${PYTHONPATH} /usr/bin/python3 setup.py egg_info --egg-base ../../build/my_py_pkg build --build-base /home/sz/ros2_ws/build/my_py_pkg/build install --prefix /home/sz/ros2_ws/install/my_py_pkg --record /home/sz/ros2_ws/build/my_py_pkg/install.log --single-version-externally-managed
[0.711s] running egg_info
[0.713s] writing ../../build/my_py_pkg/my_py_pkg.egg-info/PKG-INFO
[0.715s] writing dependency_links to ../../build/my_py_pkg/my_py_pkg.egg-info/dependency_links.txt
[0.717s] writing entry points to ../../build/my_py_pkg/my_py_pkg.egg-info/entry_points.txt
[0.718s] writing requirements to ../../build/my_py_pkg/my_py_pkg.egg-info/requires.txt
[0.719s] writing top-level names to ../../build/my_py_pkg/my_py_pkg.egg-info/top_level.txt
[0.778s] reading manifest file '../../build/my_py_pkg/my_py_pkg.egg-info/SOURCES.txt'
[0.780s] writing manifest file '../../build/my_py_pkg/my_py_pkg.egg-info/SOURCES.txt'
[0.781s] running build
[0.781s] running build_py
[0.781s] copying my_py_pkg/my_first_node.py -> /home/sz/ros2_ws/build/my_py_pkg/build/lib/my_py_pkg
[0.782s] running install
[0.783s] running install_lib
[0.785s] copying /home/sz/ros2_ws/build/my_py_pkg/build/lib/my_py_pkg/my_first_node.py -> /home/sz/ros2_ws/install/my_py_pkg/lib/python3.8/site-packages/my_py_pkg
[0.787s] byte-compiling /home/sz/ros2_ws/install/my_py_pkg/lib/python3.8/site-packages/my_py_pkg/my_first_node.py to my_first_node.cpython-38.pyc
[0.791s] running install_data
[0.797s] running install_egg_info
[0.801s] removing '/home/sz/ros2_ws/install/my_py_pkg/lib/python3.8/site-packages/my_py_pkg-0.0.0-py3.8.egg-info' (and everything under it)
[0.804s] Copying ../../build/my_py_pkg/my_py_pkg.egg-info to /home/sz/ros2_ws/install/my_py_pkg/lib/python3.8/site-packages/my_py_pkg-0.0.0-py3.8.egg-info
[0.807s] running install_scripts
[0.859s] Installing py_node script to /home/sz/ros2_ws/install/my_py_pkg/lib/my_py_pkg
[0.859s] writing list of installed files to '/home/sz/ros2_ws/build/my_py_pkg/install.log'
[0.896s] Invoked command in '/home/sz/ros2_ws/src/my_py_pkg' returned '0': PYTHONPATH=/home/sz/ros2_ws/install/my_py_pkg/lib/python3.8/site-packages:${PYTHONPATH} /usr/bin/python3 setup.py egg_info --egg-base ../../build/my_py_pkg build --build-base /home/sz/ros2_ws/build/my_py_pkg/build install --prefix /home/sz/ros2_ws/install/my_py_pkg --record /home/sz/ros2_ws/build/my_py_pkg/install.log --single-version-externally-managed
