[0.371s] Invoking command in '/home/sz/ros2_ws/src/my_py_pkg': PYTHONPATH=/home/sz/ros2_ws/install/my_py_pkg/lib/python3.8/site-packages:${PYTHONPATH} /usr/bin/python3 setup.py egg_info --egg-base ../../build/my_py_pkg build --build-base /home/sz/ros2_ws/build/my_py_pkg/build install --prefix /home/sz/ros2_ws/install/my_py_pkg --record /home/sz/ros2_ws/build/my_py_pkg/install.log --single-version-externally-managed
[0.651s] running egg_info
[0.652s] writing ../../build/my_py_pkg/my_py_pkg.egg-info/PKG-INFO
[0.653s] writing dependency_links to ../../build/my_py_pkg/my_py_pkg.egg-info/dependency_links.txt
[0.654s] writing entry points to ../../build/my_py_pkg/my_py_pkg.egg-info/entry_points.txt
[0.654s] writing requirements to ../../build/my_py_pkg/my_py_pkg.egg-info/requires.txt
[0.654s] writing top-level names to ../../build/my_py_pkg/my_py_pkg.egg-info/top_level.txt
[0.696s] reading manifest file '../../build/my_py_pkg/my_py_pkg.egg-info/SOURCES.txt'
[0.698s] writing manifest file '../../build/my_py_pkg/my_py_pkg.egg-info/SOURCES.txt'
[0.698s] running build
[0.698s] running build_py
[0.698s] copying my_py_pkg/my_first_node.py -> /home/sz/ros2_ws/build/my_py_pkg/build/lib/my_py_pkg
[0.699s] running install
[0.700s] running install_lib
[0.701s] copying /home/sz/ros2_ws/build/my_py_pkg/build/lib/my_py_pkg/my_first_node.py -> /home/sz/ros2_ws/install/my_py_pkg/lib/python3.8/site-packages/my_py_pkg
[0.702s] byte-compiling /home/sz/ros2_ws/install/my_py_pkg/lib/python3.8/site-packages/my_py_pkg/my_first_node.py to my_first_node.cpython-38.pyc
[0.703s] running install_data
[0.704s] running install_egg_info
[0.706s] removing '/home/sz/ros2_ws/install/my_py_pkg/lib/python3.8/site-packages/my_py_pkg-0.0.0-py3.8.egg-info' (and everything under it)
[0.706s] Copying ../../build/my_py_pkg/my_py_pkg.egg-info to /home/sz/ros2_ws/install/my_py_pkg/lib/python3.8/site-packages/my_py_pkg-0.0.0-py3.8.egg-info
[0.707s] running install_scripts
[0.734s] Installing py_node script to /home/sz/ros2_ws/install/my_py_pkg/lib/my_py_pkg
[0.734s] writing list of installed files to '/home/sz/ros2_ws/build/my_py_pkg/install.log'
[0.766s] Invoked command in '/home/sz/ros2_ws/src/my_py_pkg' returned '0': PYTHONPATH=/home/sz/ros2_ws/install/my_py_pkg/lib/python3.8/site-packages:${PYTHONPATH} /usr/bin/python3 setup.py egg_info --egg-base ../../build/my_py_pkg build --build-base /home/sz/ros2_ws/build/my_py_pkg/build install --prefix /home/sz/ros2_ws/install/my_py_pkg --record /home/sz/ros2_ws/build/my_py_pkg/install.log --single-version-externally-managed
