[0.341s] DEBUG:colcon:Command line arguments: ['/usr/bin/colcon', 'build']
[0.341s] DEBUG:colcon:Parsed command line arguments: Namespace(ament_cmake_args=None, base_paths=['.'], build_base='build', catkin_cmake_args=None, catkin_skip_building_tests=False, cmake_args=None, cmake_clean_cache=False, cmake_clean_first=False, cmake_force_configure=False, cmake_target=None, cmake_target_skip_unavailable=False, continue_on_error=False, event_handlers=None, executor='parallel', ignore_user_meta=False, install_base='install', log_base=None, log_level=None, main=<bound method BuildVerb.main of <colcon_core.verb.build.BuildVerb object at 0x7f758da146d0>>, merge_install=False, metas=['./colcon.meta'], packages_above=None, packages_above_and_dependencies=None, packages_above_depth=None, packages_end=None, packages_ignore=None, packages_ignore_regex=None, packages_select=None, packages_select_build_failed=False, packages_select_by_dep=None, packages_select_regex=None, packages_select_test_failures=False, packages_skip=None, packages_skip_build_finished=False, packages_skip_by_dep=None, packages_skip_regex=None, packages_skip_test_passed=False, packages_skip_up_to=None, packages_start=None, packages_up_to=None, packages_up_to_regex=None, parallel_workers=2, paths=None, symlink_install=False, test_result_base=None, verb_extension=<colcon_core.verb.build.BuildVerb object at 0x7f758da146d0>, verb_name='build', verb_parser=<colcon_defaults.argument_parser.defaults.DefaultArgumentsDecorator object at 0x7f758da14c10>)
[0.347s] Level 1:colcon.colcon_core.package_discovery:discover_packages(colcon_meta) check parameters
[0.347s] Level 1:colcon.colcon_core.package_discovery:discover_packages(recursive) check parameters
[0.347s] Level 1:colcon.colcon_core.package_discovery:discover_packages(ignore) check parameters
[0.347s] Level 1:colcon.colcon_core.package_discovery:discover_packages(path) check parameters
[0.347s] Level 1:colcon.colcon_core.package_discovery:discover_packages(colcon_meta) discover
[0.347s] Level 1:colcon.colcon_core.package_discovery:discover_packages(recursive) discover
[0.347s] INFO:colcon.colcon_core.package_discovery:Crawling recursively for packages in '/home/sz/ros2_ws'
[0.348s] Level 1:colcon.colcon_core.package_identification:_identify(.) by extensions ['ignore', 'ignore_ament_install']
[0.348s] Level 1:colcon.colcon_core.package_identification:_identify(.) by extension 'ignore'
[0.348s] Level 1:colcon.colcon_core.package_identification:_identify(.) by extension 'ignore_ament_install'
[0.348s] Level 1:colcon.colcon_core.package_identification:_identify(.) by extensions ['colcon_pkg']
[0.348s] Level 1:colcon.colcon_core.package_identification:_identify(.) by extension 'colcon_pkg'
[0.348s] Level 1:colcon.colcon_core.package_identification:_identify(.) by extensions ['colcon_meta']
[0.348s] Level 1:colcon.colcon_core.package_identification:_identify(.) by extension 'colcon_meta'
[0.348s] Level 1:colcon.colcon_core.package_identification:_identify(.) by extensions ['ros']
[0.348s] Level 1:colcon.colcon_core.package_identification:_identify(.) by extension 'ros'
[0.362s] Level 1:colcon.colcon_core.package_identification:_identify(.) by extensions ['cmake', 'python']
[0.362s] Level 1:colcon.colcon_core.package_identification:_identify(.) by extension 'cmake'
[0.362s] Level 1:colcon.colcon_core.package_identification:_identify(.) by extension 'python'
[0.362s] Level 1:colcon.colcon_core.package_identification:_identify(.) by extensions ['python_setup_py']
[0.362s] Level 1:colcon.colcon_core.package_identification:_identify(.) by extension 'python_setup_py'
[0.362s] Level 1:colcon.colcon_core.package_identification:_identify(build) by extensions ['ignore', 'ignore_ament_install']
[0.362s] Level 1:colcon.colcon_core.package_identification:_identify(build) by extension 'ignore'
[0.363s] Level 1:colcon.colcon_core.package_identification:_identify(build) ignored
[0.363s] Level 1:colcon.colcon_core.package_identification:_identify(install) by extensions ['ignore', 'ignore_ament_install']
[0.363s] Level 1:colcon.colcon_core.package_identification:_identify(install) by extension 'ignore'
[0.363s] Level 1:colcon.colcon_core.package_identification:_identify(install) ignored
[0.363s] Level 1:colcon.colcon_core.package_identification:_identify(log) by extensions ['ignore', 'ignore_ament_install']
[0.363s] Level 1:colcon.colcon_core.package_identification:_identify(log) by extension 'ignore'
[0.363s] Level 1:colcon.colcon_core.package_identification:_identify(log) ignored
[0.363s] Level 1:colcon.colcon_core.package_identification:_identify(src) by extensions ['ignore', 'ignore_ament_install']
[0.363s] Level 1:colcon.colcon_core.package_identification:_identify(src) by extension 'ignore'
[0.363s] Level 1:colcon.colcon_core.package_identification:_identify(src) by extension 'ignore_ament_install'
[0.364s] Level 1:colcon.colcon_core.package_identification:_identify(src) by extensions ['colcon_pkg']
[0.364s] Level 1:colcon.colcon_core.package_identification:_identify(src) by extension 'colcon_pkg'
[0.364s] Level 1:colcon.colcon_core.package_identification:_identify(src) by extensions ['colcon_meta']
[0.364s] Level 1:colcon.colcon_core.package_identification:_identify(src) by extension 'colcon_meta'
[0.364s] Level 1:colcon.colcon_core.package_identification:_identify(src) by extensions ['ros']
[0.364s] Level 1:colcon.colcon_core.package_identification:_identify(src) by extension 'ros'
[0.364s] Level 1:colcon.colcon_core.package_identification:_identify(src) by extensions ['cmake', 'python']
[0.364s] Level 1:colcon.colcon_core.package_identification:_identify(src) by extension 'cmake'
[0.364s] Level 1:colcon.colcon_core.package_identification:_identify(src) by extension 'python'
[0.364s] Level 1:colcon.colcon_core.package_identification:_identify(src) by extensions ['python_setup_py']
[0.364s] Level 1:colcon.colcon_core.package_identification:_identify(src) by extension 'python_setup_py'
[0.364s] Level 1:colcon.colcon_core.package_identification:_identify(src/my_cpp_pkg) by extensions ['ignore', 'ignore_ament_install']
[0.364s] Level 1:colcon.colcon_core.package_identification:_identify(src/my_cpp_pkg) by extension 'ignore'
[0.364s] Level 1:colcon.colcon_core.package_identification:_identify(src/my_cpp_pkg) by extension 'ignore_ament_install'
[0.364s] Level 1:colcon.colcon_core.package_identification:_identify(src/my_cpp_pkg) by extensions ['colcon_pkg']
[0.364s] Level 1:colcon.colcon_core.package_identification:_identify(src/my_cpp_pkg) by extension 'colcon_pkg'
[0.364s] Level 1:colcon.colcon_core.package_identification:_identify(src/my_cpp_pkg) by extensions ['colcon_meta']
[0.364s] Level 1:colcon.colcon_core.package_identification:_identify(src/my_cpp_pkg) by extension 'colcon_meta'
[0.364s] Level 1:colcon.colcon_core.package_identification:_identify(src/my_cpp_pkg) by extensions ['ros']
[0.365s] Level 1:colcon.colcon_core.package_identification:_identify(src/my_cpp_pkg) by extension 'ros'
[0.367s] DEBUG:colcon.colcon_core.package_identification:Package 'src/my_cpp_pkg' with type 'ros.ament_cmake' and name 'my_cpp_pkg'
[0.368s] Level 1:colcon.colcon_core.package_identification:_identify(src/my_py_pkg) by extensions ['ignore', 'ignore_ament_install']
[0.368s] Level 1:colcon.colcon_core.package_identification:_identify(src/my_py_pkg) by extension 'ignore'
[0.368s] Level 1:colcon.colcon_core.package_identification:_identify(src/my_py_pkg) by extension 'ignore_ament_install'
[0.368s] Level 1:colcon.colcon_core.package_identification:_identify(src/my_py_pkg) by extensions ['colcon_pkg']
[0.368s] Level 1:colcon.colcon_core.package_identification:_identify(src/my_py_pkg) by extension 'colcon_pkg'
[0.368s] Level 1:colcon.colcon_core.package_identification:_identify(src/my_py_pkg) by extensions ['colcon_meta']
[0.368s] Level 1:colcon.colcon_core.package_identification:_identify(src/my_py_pkg) by extension 'colcon_meta'
[0.368s] Level 1:colcon.colcon_core.package_identification:_identify(src/my_py_pkg) by extensions ['ros']
[0.368s] Level 1:colcon.colcon_core.package_identification:_identify(src/my_py_pkg) by extension 'ros'
[0.369s] DEBUG:colcon.colcon_core.package_identification:Package 'src/my_py_pkg' with type 'ros.ament_python' and name 'my_py_pkg'
[0.369s] Level 1:colcon.colcon_core.package_discovery:discover_packages(recursive) using defaults
[0.369s] Level 1:colcon.colcon_core.package_discovery:discover_packages(ignore) discover
[0.369s] Level 1:colcon.colcon_core.package_discovery:discover_packages(ignore) using defaults
[0.369s] Level 1:colcon.colcon_core.package_discovery:discover_packages(path) discover
[0.369s] Level 1:colcon.colcon_core.package_discovery:discover_packages(path) using defaults
[0.397s] Level 5:colcon.colcon_core.verb:set package 'my_cpp_pkg' build argument 'cmake_args' from command line to 'None'
[0.397s] Level 5:colcon.colcon_core.verb:set package 'my_cpp_pkg' build argument 'cmake_target' from command line to 'None'
[0.397s] Level 5:colcon.colcon_core.verb:set package 'my_cpp_pkg' build argument 'cmake_target_skip_unavailable' from command line to 'False'
[0.397s] Level 5:colcon.colcon_core.verb:set package 'my_cpp_pkg' build argument 'cmake_clean_cache' from command line to 'False'
[0.397s] Level 5:colcon.colcon_core.verb:set package 'my_cpp_pkg' build argument 'cmake_clean_first' from command line to 'False'
[0.397s] Level 5:colcon.colcon_core.verb:set package 'my_cpp_pkg' build argument 'cmake_force_configure' from command line to 'False'
[0.397s] Level 5:colcon.colcon_core.verb:set package 'my_cpp_pkg' build argument 'ament_cmake_args' from command line to 'None'
[0.397s] Level 5:colcon.colcon_core.verb:set package 'my_cpp_pkg' build argument 'catkin_cmake_args' from command line to 'None'
[0.397s] Level 5:colcon.colcon_core.verb:set package 'my_cpp_pkg' build argument 'catkin_skip_building_tests' from command line to 'False'
[0.397s] DEBUG:colcon.colcon_core.verb:Building package 'my_cpp_pkg' with the following arguments: {'ament_cmake_args': None, 'build_base': '/home/sz/ros2_ws/build/my_cpp_pkg', 'catkin_cmake_args': None, 'catkin_skip_building_tests': False, 'cmake_args': None, 'cmake_clean_cache': False, 'cmake_clean_first': False, 'cmake_force_configure': False, 'cmake_target': None, 'cmake_target_skip_unavailable': False, 'install_base': '/home/sz/ros2_ws/install/my_cpp_pkg', 'merge_install': False, 'path': '/home/sz/ros2_ws/src/my_cpp_pkg', 'symlink_install': False, 'test_result_base': None}
[0.400s] Level 5:colcon.colcon_core.verb:set package 'my_py_pkg' build argument 'cmake_args' from command line to 'None'
[0.400s] Level 5:colcon.colcon_core.verb:set package 'my_py_pkg' build argument 'cmake_target' from command line to 'None'
[0.400s] Level 5:colcon.colcon_core.verb:set package 'my_py_pkg' build argument 'cmake_target_skip_unavailable' from command line to 'False'
[0.400s] Level 5:colcon.colcon_core.verb:set package 'my_py_pkg' build argument 'cmake_clean_cache' from command line to 'False'
[0.400s] Level 5:colcon.colcon_core.verb:set package 'my_py_pkg' build argument 'cmake_clean_first' from command line to 'False'
[0.400s] Level 5:colcon.colcon_core.verb:set package 'my_py_pkg' build argument 'cmake_force_configure' from command line to 'False'
[0.400s] Level 5:colcon.colcon_core.verb:set package 'my_py_pkg' build argument 'ament_cmake_args' from command line to 'None'
[0.400s] Level 5:colcon.colcon_core.verb:set package 'my_py_pkg' build argument 'catkin_cmake_args' from command line to 'None'
[0.400s] Level 5:colcon.colcon_core.verb:set package 'my_py_pkg' build argument 'catkin_skip_building_tests' from command line to 'False'
[0.400s] DEBUG:colcon.colcon_core.verb:Building package 'my_py_pkg' with the following arguments: {'ament_cmake_args': None, 'build_base': '/home/sz/ros2_ws/build/my_py_pkg', 'catkin_cmake_args': None, 'catkin_skip_building_tests': False, 'cmake_args': None, 'cmake_clean_cache': False, 'cmake_clean_first': False, 'cmake_force_configure': False, 'cmake_target': None, 'cmake_target_skip_unavailable': False, 'install_base': '/home/sz/ros2_ws/install/my_py_pkg', 'merge_install': False, 'path': '/home/sz/ros2_ws/src/my_py_pkg', 'symlink_install': False, 'test_result_base': None}
[0.401s] INFO:colcon.colcon_core.executor:Executing jobs using 'parallel' executor
[0.404s] DEBUG:colcon.colcon_parallel_executor.executor.parallel:run_until_complete
[0.404s] INFO:colcon.colcon_ros.task.ament_cmake.build:Building ROS package in '/home/sz/ros2_ws/src/my_cpp_pkg' with build type 'ament_cmake'
[0.404s] INFO:colcon.colcon_cmake.task.cmake.build:Building CMake package in '/home/sz/ros2_ws/src/my_cpp_pkg'
[0.410s] INFO:colcon.colcon_core.plugin_system:Skipping extension 'colcon_core.shell.bat': Not used on non-Windows systems
[0.410s] INFO:colcon.colcon_core.shell:Skip shell extension 'powershell' for command environment: Not usable outside of PowerShell
[0.410s] DEBUG:colcon.colcon_core.shell:Skip shell extension 'dsv' for command environment
[0.415s] DEBUG:colcon.colcon_core.shell:Ignoring prefix path '/opt/ros/foxy'
[0.420s] INFO:colcon.colcon_ros.task.ament_python.build:Building ROS package in '/home/sz/ros2_ws/src/my_py_pkg' with build type 'ament_python'
[0.421s] Level 1:colcon.colcon_core.shell:create_environment_hook('my_py_pkg', 'ament_prefix_path')
[0.423s] INFO:colcon.colcon_core.shell:Creating environment hook '/home/sz/ros2_ws/install/my_py_pkg/share/my_py_pkg/hook/ament_prefix_path.ps1'
[0.425s] INFO:colcon.colcon_core.shell:Creating environment descriptor '/home/sz/ros2_ws/install/my_py_pkg/share/my_py_pkg/hook/ament_prefix_path.dsv'
[0.427s] INFO:colcon.colcon_core.shell:Creating environment hook '/home/sz/ros2_ws/install/my_py_pkg/share/my_py_pkg/hook/ament_prefix_path.sh'
[0.433s] INFO:colcon.colcon_core.shell:Skip shell extension 'powershell' for command environment: Not usable outside of PowerShell
[0.433s] DEBUG:colcon.colcon_core.shell:Skip shell extension 'dsv' for command environment
[0.437s] DEBUG:colcon.colcon_core.shell:Ignoring prefix path '/opt/ros/foxy'
[0.461s] DEBUG:colcon.colcon_core.event_handler.log_command:Invoking command in '/home/sz/ros2_ws/build/my_cpp_pkg': CMAKE_PREFIX_PATH=${CMAKE_PREFIX_PATH}:/home/sz/ros2_ws/install/my_py_pkg:/opt/ros/foxy /usr/bin/cmake --build /home/sz/ros2_ws/build/my_cpp_pkg -- -j2 -l2
[1.020s] INFO:colcon.colcon_core.task.python.build:Building Python package in '/home/sz/ros2_ws/src/my_py_pkg'
[1.021s] INFO:colcon.colcon_core.shell:Skip shell extension 'powershell' for command environment: Not usable outside of PowerShell
[1.021s] DEBUG:colcon.colcon_core.shell:Skip shell extension 'dsv' for command environment
[1.023s] DEBUG:colcon.colcon_core.shell:Ignoring prefix path '/opt/ros/foxy'
[1.041s] DEBUG:colcon.colcon_core.event_handler.log_command:Invoking command in '/home/sz/ros2_ws/build/my_py_pkg': PYTHONPATH=/home/sz/ros2_ws/install/my_py_pkg/lib/python3.8/site-packages:${PYTHONPATH} /usr/bin/python3 setup.py develop --prefix /home/sz/ros2_ws/install/my_py_pkg --uninstall --editable --build-directory /home/sz/ros2_ws/build/my_py_pkg/build
[1.788s] DEBUG:colcon.colcon_core.event_handler.log_command:Invoked command in '/home/sz/ros2_ws/build/my_py_pkg' returned '0': PYTHONPATH=/home/sz/ros2_ws/install/my_py_pkg/lib/python3.8/site-packages:${PYTHONPATH} /usr/bin/python3 setup.py develop --prefix /home/sz/ros2_ws/install/my_py_pkg --uninstall --editable --build-directory /home/sz/ros2_ws/build/my_py_pkg/build
[1.789s] DEBUG:colcon.colcon_core.event_handler.log_command:Invoking command in '/home/sz/ros2_ws/src/my_py_pkg': PYTHONPATH=/home/sz/ros2_ws/install/my_py_pkg/lib/python3.8/site-packages:${PYTHONPATH} /usr/bin/python3 setup.py egg_info --egg-base ../../build/my_py_pkg build --build-base /home/sz/ros2_ws/build/my_py_pkg/build install --prefix /home/sz/ros2_ws/install/my_py_pkg --record /home/sz/ros2_ws/build/my_py_pkg/install.log --single-version-externally-managed
[2.396s] DEBUG:colcon.colcon_core.event_handler.log_command:Invoked command in '/home/sz/ros2_ws/src/my_py_pkg' returned '0': PYTHONPATH=/home/sz/ros2_ws/install/my_py_pkg/lib/python3.8/site-packages:${PYTHONPATH} /usr/bin/python3 setup.py egg_info --egg-base ../../build/my_py_pkg build --build-base /home/sz/ros2_ws/build/my_py_pkg/build install --prefix /home/sz/ros2_ws/install/my_py_pkg --record /home/sz/ros2_ws/build/my_py_pkg/install.log --single-version-externally-managed
[2.403s] Level 1:colcon.colcon_core.environment:checking '/home/sz/ros2_ws/install/my_py_pkg' for CMake module files
[2.405s] Level 1:colcon.colcon_core.environment:checking '/home/sz/ros2_ws/install/my_py_pkg' for CMake config files
[2.407s] Level 1:colcon.colcon_core.environment:checking '/home/sz/ros2_ws/install/my_py_pkg/lib'
[2.407s] Level 1:colcon.colcon_core.environment:checking '/home/sz/ros2_ws/install/my_py_pkg/bin'
[2.407s] Level 1:colcon.colcon_core.environment:checking '/home/sz/ros2_ws/install/my_py_pkg/lib/pkgconfig/my_py_pkg.pc'
[2.408s] Level 1:colcon.colcon_core.environment:checking '/home/sz/ros2_ws/install/my_py_pkg/lib/python3.8/site-packages'
[2.408s] Level 1:colcon.colcon_core.shell:create_environment_hook('my_py_pkg', 'pythonpath')
[2.409s] INFO:colcon.colcon_core.shell:Creating environment hook '/home/sz/ros2_ws/install/my_py_pkg/share/my_py_pkg/hook/pythonpath.ps1'
[2.410s] INFO:colcon.colcon_core.shell:Creating environment descriptor '/home/sz/ros2_ws/install/my_py_pkg/share/my_py_pkg/hook/pythonpath.dsv'
[2.411s] INFO:colcon.colcon_core.shell:Creating environment hook '/home/sz/ros2_ws/install/my_py_pkg/share/my_py_pkg/hook/pythonpath.sh'
[2.412s] Level 1:colcon.colcon_core.environment:create_environment_scripts_only(my_py_pkg)
[2.413s] INFO:colcon.colcon_core.shell:Creating package script '/home/sz/ros2_ws/install/my_py_pkg/share/my_py_pkg/package.ps1'
[2.416s] INFO:colcon.colcon_core.shell:Creating package descriptor '/home/sz/ros2_ws/install/my_py_pkg/share/my_py_pkg/package.dsv'
[2.417s] INFO:colcon.colcon_core.shell:Creating package script '/home/sz/ros2_ws/install/my_py_pkg/share/my_py_pkg/package.sh'
[2.420s] INFO:colcon.colcon_core.shell:Creating package script '/home/sz/ros2_ws/install/my_py_pkg/share/my_py_pkg/package.bash'
[2.422s] INFO:colcon.colcon_core.shell:Creating package script '/home/sz/ros2_ws/install/my_py_pkg/share/my_py_pkg/package.zsh'
[2.424s] Level 1:colcon.colcon_core.environment:create_file_with_runtime_dependencies(/home/sz/ros2_ws/install/my_py_pkg/share/colcon-core/packages/my_py_pkg)
[6.262s] DEBUG:colcon.colcon_core.event_handler.log_command:Invoked command in '/home/sz/ros2_ws/build/my_cpp_pkg' returned '0': CMAKE_PREFIX_PATH=${CMAKE_PREFIX_PATH}:/home/sz/ros2_ws/install/my_py_pkg:/opt/ros/foxy /usr/bin/cmake --build /home/sz/ros2_ws/build/my_cpp_pkg -- -j2 -l2
[6.334s] DEBUG:colcon.colcon_core.event_handler.log_command:Invoking command in '/home/sz/ros2_ws/build/my_cpp_pkg': CMAKE_PREFIX_PATH=${CMAKE_PREFIX_PATH}:/home/sz/ros2_ws/install/my_py_pkg:/opt/ros/foxy /usr/bin/cmake --install /home/sz/ros2_ws/build/my_cpp_pkg
[6.365s] Level 1:colcon.colcon_core.environment:create_environment_scripts_only(my_cpp_pkg)
[6.367s] Level 1:colcon.colcon_core.environment:checking '/home/sz/ros2_ws/install/my_cpp_pkg' for CMake module files
[6.368s] DEBUG:colcon.colcon_core.event_handler.log_command:Invoked command in '/home/sz/ros2_ws/build/my_cpp_pkg' returned '0': CMAKE_PREFIX_PATH=${CMAKE_PREFIX_PATH}:/home/sz/ros2_ws/install/my_py_pkg:/opt/ros/foxy /usr/bin/cmake --install /home/sz/ros2_ws/build/my_cpp_pkg
[6.368s] Level 1:colcon.colcon_core.environment:checking '/home/sz/ros2_ws/install/my_cpp_pkg' for CMake config files
[6.369s] Level 1:colcon.colcon_core.shell:create_environment_hook('my_cpp_pkg', 'cmake_prefix_path')
[6.369s] INFO:colcon.colcon_core.shell:Creating environment hook '/home/sz/ros2_ws/install/my_cpp_pkg/share/my_cpp_pkg/hook/cmake_prefix_path.ps1'
[6.370s] INFO:colcon.colcon_core.shell:Creating environment descriptor '/home/sz/ros2_ws/install/my_cpp_pkg/share/my_cpp_pkg/hook/cmake_prefix_path.dsv'
[6.371s] INFO:colcon.colcon_core.shell:Creating environment hook '/home/sz/ros2_ws/install/my_cpp_pkg/share/my_cpp_pkg/hook/cmake_prefix_path.sh'
[6.372s] Level 1:colcon.colcon_core.environment:checking '/home/sz/ros2_ws/install/my_cpp_pkg/lib'
[6.372s] Level 1:colcon.colcon_core.environment:checking '/home/sz/ros2_ws/install/my_cpp_pkg/bin'
[6.372s] Level 1:colcon.colcon_core.environment:checking '/home/sz/ros2_ws/install/my_cpp_pkg/lib/pkgconfig/my_cpp_pkg.pc'
[6.372s] Level 1:colcon.colcon_core.environment:checking '/home/sz/ros2_ws/install/my_cpp_pkg/lib/python3.8/site-packages'
[6.373s] INFO:colcon.colcon_core.shell:Creating package script '/home/sz/ros2_ws/install/my_cpp_pkg/share/my_cpp_pkg/package.ps1'
[6.374s] INFO:colcon.colcon_core.shell:Creating package descriptor '/home/sz/ros2_ws/install/my_cpp_pkg/share/my_cpp_pkg/package.dsv'
[6.376s] INFO:colcon.colcon_core.shell:Creating package script '/home/sz/ros2_ws/install/my_cpp_pkg/share/my_cpp_pkg/package.sh'
[6.377s] INFO:colcon.colcon_core.shell:Creating package script '/home/sz/ros2_ws/install/my_cpp_pkg/share/my_cpp_pkg/package.bash'
[6.377s] INFO:colcon.colcon_core.shell:Creating package script '/home/sz/ros2_ws/install/my_cpp_pkg/share/my_cpp_pkg/package.zsh'
[6.378s] Level 1:colcon.colcon_core.environment:create_file_with_runtime_dependencies(/home/sz/ros2_ws/install/my_cpp_pkg/share/colcon-core/packages/my_cpp_pkg)
[6.423s] Level 1:colcon.colcon_core.environment:create_environment_scripts_only(my_cpp_pkg)
[6.424s] Level 1:colcon.colcon_core.environment:checking '/home/sz/ros2_ws/install/my_cpp_pkg' for CMake module files
[6.425s] Level 1:colcon.colcon_core.environment:checking '/home/sz/ros2_ws/install/my_cpp_pkg' for CMake config files
[6.426s] Level 1:colcon.colcon_core.shell:create_environment_hook('my_cpp_pkg', 'cmake_prefix_path')
[6.427s] INFO:colcon.colcon_core.shell:Creating environment hook '/home/sz/ros2_ws/install/my_cpp_pkg/share/my_cpp_pkg/hook/cmake_prefix_path.ps1'
[6.428s] INFO:colcon.colcon_core.shell:Creating environment descriptor '/home/sz/ros2_ws/install/my_cpp_pkg/share/my_cpp_pkg/hook/cmake_prefix_path.dsv'
[6.428s] INFO:colcon.colcon_core.shell:Creating environment hook '/home/sz/ros2_ws/install/my_cpp_pkg/share/my_cpp_pkg/hook/cmake_prefix_path.sh'
[6.429s] Level 1:colcon.colcon_core.environment:checking '/home/sz/ros2_ws/install/my_cpp_pkg/lib'
[6.430s] Level 1:colcon.colcon_core.environment:checking '/home/sz/ros2_ws/install/my_cpp_pkg/bin'
[6.430s] Level 1:colcon.colcon_core.environment:checking '/home/sz/ros2_ws/install/my_cpp_pkg/lib/pkgconfig/my_cpp_pkg.pc'
[6.430s] Level 1:colcon.colcon_core.environment:checking '/home/sz/ros2_ws/install/my_cpp_pkg/lib/python3.8/site-packages'
[6.431s] INFO:colcon.colcon_core.shell:Creating package script '/home/sz/ros2_ws/install/my_cpp_pkg/share/my_cpp_pkg/package.ps1'
[6.432s] INFO:colcon.colcon_core.shell:Creating package descriptor '/home/sz/ros2_ws/install/my_cpp_pkg/share/my_cpp_pkg/package.dsv'
[6.433s] INFO:colcon.colcon_core.shell:Creating package script '/home/sz/ros2_ws/install/my_cpp_pkg/share/my_cpp_pkg/package.sh'
[6.433s] INFO:colcon.colcon_core.shell:Creating package script '/home/sz/ros2_ws/install/my_cpp_pkg/share/my_cpp_pkg/package.bash'
[6.434s] INFO:colcon.colcon_core.shell:Creating package script '/home/sz/ros2_ws/install/my_cpp_pkg/share/my_cpp_pkg/package.zsh'
[6.435s] Level 1:colcon.colcon_core.environment:create_file_with_runtime_dependencies(/home/sz/ros2_ws/install/my_cpp_pkg/share/colcon-core/packages/my_cpp_pkg)
[6.436s] DEBUG:colcon.colcon_parallel_executor.executor.parallel:closing loop
[6.437s] DEBUG:colcon.colcon_parallel_executor.executor.parallel:loop closed
[6.437s] DEBUG:colcon.colcon_parallel_executor.executor.parallel:run_until_complete finished with '0'
[6.437s] DEBUG:colcon.colcon_core.event_reactor:joining thread
[6.448s] INFO:colcon.colcon_core.plugin_system:Skipping extension 'colcon_notification.desktop_notification.terminal_notifier': Not used on non-Darwin systems
[6.448s] INFO:colcon.colcon_core.plugin_system:Skipping extension 'colcon_notification.desktop_notification.win32': Not used on non-Windows systems
[6.448s] INFO:colcon.colcon_notification.desktop_notification:Sending desktop notification using 'notify2'
[6.508s] DEBUG:colcon.colcon_core.event_reactor:joined thread
[6.510s] INFO:colcon.colcon_core.shell:Creating prefix script '/home/sz/ros2_ws/install/local_setup.ps1'
[6.512s] INFO:colcon.colcon_core.shell:Creating prefix util module '/home/sz/ros2_ws/install/_local_setup_util_ps1.py'
[6.513s] INFO:colcon.colcon_core.shell:Creating prefix chain script '/home/sz/ros2_ws/install/setup.ps1'
[6.518s] INFO:colcon.colcon_core.shell:Creating prefix script '/home/sz/ros2_ws/install/local_setup.sh'
[6.519s] INFO:colcon.colcon_core.shell:Creating prefix util module '/home/sz/ros2_ws/install/_local_setup_util_sh.py'
[6.520s] INFO:colcon.colcon_core.shell:Creating prefix chain script '/home/sz/ros2_ws/install/setup.sh'
[6.524s] INFO:colcon.colcon_core.shell:Creating prefix script '/home/sz/ros2_ws/install/local_setup.bash'
[6.525s] INFO:colcon.colcon_core.shell:Creating prefix chain script '/home/sz/ros2_ws/install/setup.bash'
[6.529s] INFO:colcon.colcon_core.shell:Creating prefix script '/home/sz/ros2_ws/install/local_setup.zsh'
[6.531s] INFO:colcon.colcon_core.shell:Creating prefix chain script '/home/sz/ros2_ws/install/setup.zsh'
