[0.450s] Invoking command in '/home/sz/ros2_ws/src/my_py_pkg': PYTHONPATH=/home/sz/ros2_ws/install/my_py_pkg/lib/python3.8/site-packages:${PYTHONPATH} /usr/bin/python3 setup.py egg_info --egg-base ../../build/my_py_pkg build --build-base /home/sz/ros2_ws/build/my_py_pkg/build install --prefix /home/sz/ros2_ws/install/my_py_pkg --record /home/sz/ros2_ws/build/my_py_pkg/install.log --single-version-externally-managed
[0.770s] running egg_info
[0.771s] creating ../../build/my_py_pkg/my_py_pkg.egg-info
[0.771s] writing ../../build/my_py_pkg/my_py_pkg.egg-info/PKG-INFO
[0.771s] writing dependency_links to ../../build/my_py_pkg/my_py_pkg.egg-info/dependency_links.txt
[0.771s] writing entry points to ../../build/my_py_pkg/my_py_pkg.egg-info/entry_points.txt
[0.771s] writing requirements to ../../build/my_py_pkg/my_py_pkg.egg-info/requires.txt
[0.771s] writing top-level names to ../../build/my_py_pkg/my_py_pkg.egg-info/top_level.txt
[0.774s] writing manifest file '../../build/my_py_pkg/my_py_pkg.egg-info/SOURCES.txt'
[0.815s] reading manifest file '../../build/my_py_pkg/my_py_pkg.egg-info/SOURCES.txt'
[0.817s] writing manifest file '../../build/my_py_pkg/my_py_pkg.egg-info/SOURCES.txt'
[0.817s] running build
[0.817s] running build_py
[0.818s] creating /home/sz/ros2_ws/build/my_py_pkg/build
[0.818s] creating /home/sz/ros2_ws/build/my_py_pkg/build/lib
[0.819s] creating /home/sz/ros2_ws/build/my_py_pkg/build/lib/my_py_pkg
[0.819s] copying my_py_pkg/__init__.py -> /home/sz/ros2_ws/build/my_py_pkg/build/lib/my_py_pkg
[0.819s] running install
[0.820s] running install_lib
[0.822s] creating /home/sz/ros2_ws/install/my_py_pkg/lib/python3.8/site-packages/my_py_pkg
[0.822s] copying /home/sz/ros2_ws/build/my_py_pkg/build/lib/my_py_pkg/__init__.py -> /home/sz/ros2_ws/install/my_py_pkg/lib/python3.8/site-packages/my_py_pkg
[0.822s] byte-compiling /home/sz/ros2_ws/install/my_py_pkg/lib/python3.8/site-packages/my_py_pkg/__init__.py to __init__.cpython-38.pyc
[0.824s] running install_data
[0.826s] creating /home/sz/ros2_ws/install/my_py_pkg/share/ament_index
[0.826s] creating /home/sz/ros2_ws/install/my_py_pkg/share/ament_index/resource_index
[0.826s] creating /home/sz/ros2_ws/install/my_py_pkg/share/ament_index/resource_index/packages
[0.827s] copying resource/my_py_pkg -> /home/sz/ros2_ws/install/my_py_pkg/share/ament_index/resource_index/packages
[0.827s] copying package.xml -> /home/sz/ros2_ws/install/my_py_pkg/share/my_py_pkg
[0.827s] running install_egg_info
[0.829s] Copying ../../build/my_py_pkg/my_py_pkg.egg-info to /home/sz/ros2_ws/install/my_py_pkg/lib/python3.8/site-packages/my_py_pkg-0.0.0-py3.8.egg-info
[0.831s] running install_scripts
[0.858s] writing list of installed files to '/home/sz/ros2_ws/build/my_py_pkg/install.log'
[0.898s] Invoked command in '/home/sz/ros2_ws/src/my_py_pkg' returned '0': PYTHONPATH=/home/sz/ros2_ws/install/my_py_pkg/lib/python3.8/site-packages:${PYTHONPATH} /usr/bin/python3 setup.py egg_info --egg-base ../../build/my_py_pkg build --build-base /home/sz/ros2_ws/build/my_py_pkg/build install --prefix /home/sz/ros2_ws/install/my_py_pkg --record /home/sz/ros2_ws/build/my_py_pkg/install.log --single-version-externally-managed
